Copyright 1986-2020 Xilinx, Inc. All Rights Reserved.
-------------------------------------------------------------------------------------------------------------------
| Tool Version : Vivado v.2020.1 (win64) Build 2902540 Wed May 27 19:54:49 MDT 2020
| Date         : Tue Jul 20 23:21:29 2021
| Host         : ADAM-GALLAS running 64-bit major release  (build 9200)
| Command      : report_utilization -file bd_91b0_rx_0_utilization_synth.rpt -pb bd_91b0_rx_0_utilization_synth.pb
| Design       : bd_91b0_rx_0
| Device       : xczu3egsfvc784-1
| Design State : Synthesized
-------------------------------------------------------------------------------------------------------------------

Utilization Design Information

Table of Contents
-----------------
1. CLB Logic
1.1 Summary of Registers by Type
2. BLOCKRAM
3. ARITHMETIC
4. I/O
5. CLOCK
6. ADVANCED
7. CONFIGURATION
8. Primitives
9. Black Boxes
10. Instantiated Netlists

1. CLB Logic
------------

+----------------------------+------+-------+-----------+-------+
|          Site Type         | Used | Fixed | Available | Util% |
+----------------------------+------+-------+-----------+-------+
| CLB LUTs*                  | 2242 |     0 |     70560 |  3.18 |
|   LUT as Logic             | 2185 |     0 |     70560 |  3.10 |
|   LUT as Memory            |   57 |     0 |     28800 |  0.20 |
|     LUT as Distributed RAM |   56 |     0 |           |       |
|     LUT as Shift Register  |    1 |     0 |           |       |
| CLB Registers              | 3809 |     0 |    141120 |  2.70 |
|   Register as Flip Flop    | 3809 |     0 |    141120 |  2.70 |
|   Register as Latch        |    0 |     0 |    141120 |  0.00 |
| CARRY8                     |   40 |     0 |      8820 |  0.45 |
| F7 Muxes                   |   35 |     0 |     35280 |  0.10 |
| F8 Muxes                   |   17 |     0 |     17640 |  0.10 |
| F9 Muxes                   |    0 |     0 |      8820 |  0.00 |
+----------------------------+------+-------+-----------+-------+
* Warning! The Final LUT count, after physical optimizations and full implementation, is typically lower. Run opt_design after synthesis, if not already completed, for a more realistic count.


1.1 Summary of Registers by Type
--------------------------------

+-------+--------------+-------------+--------------+
| Total | Clock Enable | Synchronous | Asynchronous |
+-------+--------------+-------------+--------------+
| 0     |            _ |           - |            - |
| 0     |            _ |           - |          Set |
| 0     |            _ |           - |        Reset |
| 0     |            _ |         Set |            - |
| 0     |            _ |       Reset |            - |
| 0     |          Yes |           - |            - |
| 33    |          Yes |           - |          Set |
| 35    |          Yes |           - |        Reset |
| 53    |          Yes |         Set |            - |
| 3688  |          Yes |       Reset |            - |
+-------+--------------+-------------+--------------+


2. BLOCKRAM
-----------

+-------------------+------+-------+-----------+-------+
|     Site Type     | Used | Fixed | Available | Util% |
+-------------------+------+-------+-----------+-------+
| Block RAM Tile    |    4 |     0 |       216 |  1.85 |
|   RAMB36/FIFO*    |    4 |     0 |       216 |  1.85 |
|     RAMB36E2 only |    4 |       |           |       |
|   RAMB18          |    0 |     0 |       432 |  0.00 |
+-------------------+------+-------+-----------+-------+
* Note: Each Block RAM Tile only has one FIFO logic available and therefore can accommodate only one FIFO36E2 or one FIFO18E2. However, if a FIFO18E2 occupies a Block RAM Tile, that tile can still accommodate a RAMB18E2


3. ARITHMETIC
-------------

+-----------+------+-------+-----------+-------+
| Site Type | Used | Fixed | Available | Util% |
+-----------+------+-------+-----------+-------+
| DSPs      |    0 |     0 |       360 |  0.00 |
+-----------+------+-------+-----------+-------+


4. I/O
------

+------------+------+-------+-----------+-------+
|  Site Type | Used | Fixed | Available | Util% |
+------------+------+-------+-----------+-------+
| Bonded IOB |    0 |     0 |       252 |  0.00 |
+------------+------+-------+-----------+-------+


5. CLOCK
--------

+----------------------+------+-------+-----------+-------+
|       Site Type      | Used | Fixed | Available | Util% |
+----------------------+------+-------+-----------+-------+
| GLOBAL CLOCK BUFFERs |    0 |     0 |       196 |  0.00 |
|   BUFGCE             |    0 |     0 |        88 |  0.00 |
|   BUFGCE_DIV         |    0 |     0 |        12 |  0.00 |
|   BUFG_PS            |    0 |     0 |        72 |  0.00 |
|   BUFGCTRL*          |    0 |     0 |        24 |  0.00 |
| PLL                  |    0 |     0 |         6 |  0.00 |
| MMCM                 |    0 |     0 |         3 |  0.00 |
+----------------------+------+-------+-----------+-------+
* Note: Each used BUFGCTRL counts as two GLOBAL CLOCK BUFFERs. This table does not include global clocking resources, only buffer cell usage. See the Clock Utilization Report (report_clock_utilization) for detailed accounting of global clocking resource availability.


6. ADVANCED
-----------

+-----------+------+-------+-----------+-------+
| Site Type | Used | Fixed | Available | Util% |
+-----------+------+-------+-----------+-------+
| PS8       |    0 |     0 |         1 |  0.00 |
| SYSMONE4  |    0 |     0 |         1 |  0.00 |
+-----------+------+-------+-----------+-------+


7. CONFIGURATION
----------------

+-------------+------+-------+-----------+-------+
|  Site Type  | Used | Fixed | Available | Util% |
+-------------+------+-------+-----------+-------+
| BSCANE2     |    0 |     0 |         4 |  0.00 |
| DNA_PORTE2  |    0 |     0 |         1 |  0.00 |
| EFUSE_USR   |    0 |     0 |         1 |  0.00 |
| FRAME_ECCE4 |    0 |     0 |         1 |  0.00 |
| ICAPE3      |    0 |     0 |         2 |  0.00 |
| MASTER_JTAG |    0 |     0 |         1 |  0.00 |
| STARTUPE3   |    0 |     0 |         1 |  0.00 |
+-------------+------+-------+-----------+-------+


8. Primitives
-------------

+----------+------+---------------------+
| Ref Name | Used | Functional Category |
+----------+------+---------------------+
| FDRE     | 3688 |            Register |
| LUT6     |  953 |                 CLB |
| LUT4     |  447 |                 CLB |
| LUT2     |  439 |                 CLB |
| LUT5     |  407 |                 CLB |
| LUT3     |  277 |                 CLB |
| RAMD32   |   98 |                 CLB |
| LUT1     |   71 |                 CLB |
| FDSE     |   53 |            Register |
| CARRY8   |   40 |                 CLB |
| MUXF7    |   35 |                 CLB |
| FDCE     |   35 |            Register |
| FDPE     |   33 |            Register |
| MUXF8    |   17 |                 CLB |
| RAMS32   |   14 |                 CLB |
| RAMB36E2 |    4 |           Block Ram |
| SRL16E   |    1 |                 CLB |
+----------+------+---------------------+


9. Black Boxes
--------------

+----------+------+
| Ref Name | Used |
+----------+------+


10. Instantiated Netlists
-------------------------

+----------+------+
| Ref Name | Used |
+----------+------+


