Copyright 1986-2020 Xilinx, Inc. All Rights Reserved.
---------------------------------------------------------------------------------------------------------------------------------------------------
| Tool Version : Vivado v.2020.1 (win64) Build 2902540 Wed May 27 19:54:49 MDT 2020
| Date         : Wed Jul 21 00:08:13 2021
| Host         : ADAM-GALLAS running 64-bit major release  (build 9200)
| Command      : report_utilization -file cam_mipi_csi2_rx_subsyst_0_0_utilization_synth.rpt -pb cam_mipi_csi2_rx_subsyst_0_0_utilization_synth.pb
| Design       : cam_mipi_csi2_rx_subsyst_0_0
| Device       : xczu3egsfvc784-1
| Design State : Synthesized
---------------------------------------------------------------------------------------------------------------------------------------------------

Utilization Design Information

Table of Contents
-----------------
1. CLB Logic
1.1 Summary of Registers by Type
2. CLB Logic Distribution
3. BLOCKRAM
4. ARITHMETIC
5. I/O
6. CLOCK
7. ADVANCED
8. CONFIGURATION
9. Primitives
10. Black Boxes
11. Instantiated Netlists

1. CLB Logic
------------

+-------------------------+------+-------+-----------+-------+
|        Site Type        | Used | Fixed | Available | Util% |
+-------------------------+------+-------+-----------+-------+
| CLB LUTs                |    0 |     0 |     70560 |  0.00 |
|   LUT as Logic          |    0 |     0 |     70560 |  0.00 |
|   LUT as Memory         |    0 |     0 |     28800 |  0.00 |
| CLB Registers           |    0 |     0 |    141120 |  0.00 |
|   Register as Flip Flop |    0 |     0 |    141120 |  0.00 |
|   Register as Latch     |    0 |     0 |    141120 |  0.00 |
| CARRY8                  |    0 |     0 |      8820 |  0.00 |
| F7 Muxes                |    0 |     0 |     35280 |  0.00 |
| F8 Muxes                |    0 |     0 |     17640 |  0.00 |
| F9 Muxes                |    0 |     0 |      8820 |  0.00 |
+-------------------------+------+-------+-----------+-------+


1.1 Summary of Registers by Type
--------------------------------

+-------+--------------+-------------+--------------+
| Total | Clock Enable | Synchronous | Asynchronous |
+-------+--------------+-------------+--------------+
| 0     |            _ |           - |            - |
| 0     |            _ |           - |          Set |
| 0     |            _ |           - |        Reset |
| 0     |            _ |         Set |            - |
| 0     |            _ |       Reset |            - |
| 0     |          Yes |           - |            - |
| 0     |          Yes |           - |          Set |
| 0     |          Yes |           - |        Reset |
| 0     |          Yes |         Set |            - |
| 0     |          Yes |       Reset |            - |
+-------+--------------+-------------+--------------+


2. CLB Logic Distribution
-------------------------

+----------------------------------------+------+-------+-----------+-------+
|                Site Type               | Used | Fixed | Available | Util% |
+----------------------------------------+------+-------+-----------+-------+
| CLB                                    |    0 |     0 |      8820 |  0.00 |
|   CLBL                                 |    0 |     0 |           |       |
|   CLBM                                 |    0 |     0 |           |       |
| LUT as Logic                           |    0 |     0 |     70560 |  0.00 |
| LUT as Memory                          |    0 |     0 |     28800 |  0.00 |
|   LUT as Distributed RAM               |    0 |     0 |           |       |
|   LUT as Shift Register                |    0 |     0 |           |       |
| CLB Registers                          |    0 |     0 |    141120 |  0.00 |
|   Register driven from within the CLB  |    0 |       |           |       |
|   Register driven from outside the CLB |    0 |       |           |       |
| Unique Control Sets                    |    0 |       |     17640 |  0.00 |
+----------------------------------------+------+-------+-----------+-------+
* * Note: Available Control Sets calculated as Slices * 2, Review the Control Sets Report for more information regarding control sets.


3. BLOCKRAM
-----------

+----------------+------+-------+-----------+-------+
|    Site Type   | Used | Fixed | Available | Util% |
+----------------+------+-------+-----------+-------+
| Block RAM Tile |    0 |     0 |       216 |  0.00 |
|   RAMB36/FIFO* |    0 |     0 |       216 |  0.00 |
|   RAMB18       |    0 |     0 |       432 |  0.00 |
+----------------+------+-------+-----------+-------+
* Note: Each Block RAM Tile only has one FIFO logic available and therefore can accommodate only one FIFO36E2 or one FIFO18E2. However, if a FIFO18E2 occupies a Block RAM Tile, that tile can still accommodate a RAMB18E2


4. ARITHMETIC
-------------

+-----------+------+-------+-----------+-------+
| Site Type | Used | Fixed | Available | Util% |
+-----------+------+-------+-----------+-------+
| DSPs      |    0 |     0 |       360 |  0.00 |
+-----------+------+-------+-----------+-------+


5. I/O
------

+------------------+------+-------+-----------+-------+
|     Site Type    | Used | Fixed | Available | Util% |
+------------------+------+-------+-----------+-------+
| Bonded IOB       |    0 |     0 |       252 |  0.00 |
| HPIOB_M          |    0 |     0 |        72 |  0.00 |
| HPIOB_S          |    0 |     0 |        72 |  0.00 |
| HDIOB_M          |    0 |     0 |        48 |  0.00 |
| HDIOB_S          |    0 |     0 |        48 |  0.00 |
| HPIOB_SNGL       |    0 |     0 |        12 |  0.00 |
| HPIOBDIFFINBUF   |    0 |     0 |        72 |  0.00 |
| HPIOBDIFFOUTBUF  |    0 |     0 |        72 |  0.00 |
| HDIOBDIFFINBUF   |    0 |     0 |        48 |  0.00 |
| BITSLICE_CONTROL |    0 |     0 |        24 |  0.00 |
| BITSLICE_RX_TX   |    0 |     0 |       156 |  0.00 |
| BITSLICE_TX      |    0 |     0 |        24 |  0.00 |
| RIU_OR           |    0 |     0 |        12 |  0.00 |
+------------------+------+-------+-----------+-------+


6. CLOCK
--------

+----------------------+------+-------+-----------+-------+
|       Site Type      | Used | Fixed | Available | Util% |
+----------------------+------+-------+-----------+-------+
| GLOBAL CLOCK BUFFERs |    0 |     0 |       196 |  0.00 |
|   BUFGCE             |    0 |     0 |        88 |  0.00 |
|   BUFGCE_DIV         |    0 |     0 |        12 |  0.00 |
|   BUFG_PS            |    0 |     0 |        72 |  0.00 |
|   BUFGCTRL*          |    0 |     0 |        24 |  0.00 |
| PLL                  |    0 |     0 |         6 |  0.00 |
| MMCM                 |    0 |     0 |         3 |  0.00 |
+----------------------+------+-------+-----------+-------+
* Note: Each used BUFGCTRL counts as two GLOBAL CLOCK BUFFERs. This table does not include global clocking resources, only buffer cell usage. See the Clock Utilization Report (report_clock_utilization) for detailed accounting of global clocking resource availability.


7. ADVANCED
-----------

+-----------+------+-------+-----------+-------+
| Site Type | Used | Fixed | Available | Util% |
+-----------+------+-------+-----------+-------+
| PS8       |    0 |     0 |         1 |  0.00 |
| SYSMONE4  |    0 |     0 |         1 |  0.00 |
+-----------+------+-------+-----------+-------+


8. CONFIGURATION
----------------

+-------------+------+-------+-----------+-------+
|  Site Type  | Used | Fixed | Available | Util% |
+-------------+------+-------+-----------+-------+
| BSCANE2     |    0 |     0 |         4 |  0.00 |
| DNA_PORTE2  |    0 |     0 |         1 |  0.00 |
| EFUSE_USR   |    0 |     0 |         1 |  0.00 |
| FRAME_ECCE4 |    0 |     0 |         1 |  0.00 |
| ICAPE3      |    0 |     0 |         2 |  0.00 |
| MASTER_JTAG |    0 |     0 |         1 |  0.00 |
| STARTUPE3   |    0 |     0 |         1 |  0.00 |
+-------------+------+-------+-----------+-------+


9. Primitives
-------------

+----------+------+---------------------+
| Ref Name | Used | Functional Category |
+----------+------+---------------------+


10. Black Boxes
---------------

+-----------------------------------------------+------+
|                    Ref Name                   | Used |
+-----------------------------------------------+------+
| cam_mipi_csi2_rx_subsyst_0_0_bd_91b0_vfb_0_0  |    1 |
| cam_mipi_csi2_rx_subsyst_0_0_bd_91b0_rx_0     |    1 |
| cam_mipi_csi2_rx_subsyst_0_0_bd_91b0_r_sync_0 |    1 |
| cam_mipi_csi2_rx_subsyst_0_0_bd_91b0_phy_0    |    1 |
+-----------------------------------------------+------+


11. Instantiated Netlists
-------------------------

+----------+------+
| Ref Name | Used |
+----------+------+


