

================================================================
== Vivado HLS Report for 'Convert'
================================================================
* Date:           Tue Jul 20 21:52:52 2021

* Version:        2019.2 (Build 2704478 on Wed Nov 06 22:10:23 MST 2019)
* Project:        hls_preprocess
* Solution:       solution1
* Product family: zynquplus
* Target device:  xczu3eg-sfvc784-1-e


================================================================
== Performance Estimates
================================================================
+ Timing: 
    * Summary: 
    +--------+---------+----------+------------+
    |  Clock |  Target | Estimated| Uncertainty|
    +--------+---------+----------+------------+
    |ap_clk  | 4.00 ns | 3.102 ns |   0.50 ns  |
    +--------+---------+----------+------------+

+ Latency: 
    * Summary: 
    +---------+---------+----------+----------+--------+--------+---------+
    |  Latency (cycles) |  Latency (absolute) |     Interval    | Pipeline|
    |   min   |   max   |    min   |    max   |   min  |   max  |   Type  |
    +---------+---------+----------+----------+--------+--------+---------+
    |   108877|   108877| 0.436 ms | 0.436 ms |  108877|  108877|   none  |
    +---------+---------+----------+----------+--------+--------+---------+

    + Detail: 
        * Instance: 
        N/A

        * Loop: 
        +----------+---------+---------+----------+-----------+-----------+------+----------+
        |          |  Latency (cycles) | Iteration|  Initiation Interval  | Trip |          |
        | Loop Name|   min   |   max   |  Latency |  achieved |   target  | Count| Pipelined|
        +----------+---------+---------+----------+-----------+-----------+------+----------+
        |- ROWS    |   108876|   108876|       422|          -|          -|   258|    no    |
        | + COLS   |      419|      419|         3|          1|          1|   418|    yes   |
        +----------+---------+---------+----------+-----------+-----------+------+----------+

============================================================
+ Verbose Summary: Synthesis Manager
============================================================
InlineROM: 1
ExposeGlobal: 0
============================================================
+ Verbose Summary: CDFG Model
============================================================
IsTopModel: 0
ResetActiveHigh: 1
IsCombinational: 2
IsDatapathOnly: 0
HasWiredReturn: 1
HasMFsm: 0
HasVarLatency: 1
IsPipeline: 0
IsRtlPipelined: 0
IsInstanceOverlapped: 0
IsDontTouch: 0
HasImplIP: 0
IsGatedGlobalClock: 0

+ Individual pipeline summary: 
  * Pipeline-0: initiation interval (II) = 1, depth = 3


============================================================
+ Verbose Summary: Schedule
============================================================
* Number of FSM states : 6
* Pipeline : 1
  Pipeline-0 : II = 1, D = 3, States = { 3 4 5 }
* Dataflow Pipeline: 0

* FSM state transitions: 
1 --> 2 
2 --> 3 
3 --> 6 4 
4 --> 5 
5 --> 3 
6 --> 2 

* FSM state operations: 

State 1 <SV = 0> <Delay = 0.75>
ST_1 : Operation 7 [1/1] (0.00ns)   --->   "call void (...)* @_ssdm_op_SpecInterface(i8* %dst_data_stream_3_V, [8 x i8]* @ap_fifo_str, i32 0, i32 0, [1 x i8]* @p_str122, i32 0, i32 0, [1 x i8]* @p_str123, [1 x i8]* @p_str124, [1 x i8]* @p_str125, i32 2, i32 2, i32 16, i32 16, [1 x i8]* @p_str126, [1 x i8]* @p_str127)"   --->   Operation 7 'specinterface' <Predicate = true> <Delay = 0.00>
ST_1 : Operation 8 [1/1] (0.00ns)   --->   "call void (...)* @_ssdm_op_SpecInterface(i8* %dst_data_stream_2_V, [8 x i8]* @ap_fifo_str, i32 0, i32 0, [1 x i8]* @p_str115, i32 0, i32 0, [1 x i8]* @p_str116, [1 x i8]* @p_str117, [1 x i8]* @p_str118, i32 2, i32 2, i32 16, i32 16, [1 x i8]* @p_str119, [1 x i8]* @p_str120)"   --->   Operation 8 'specinterface' <Predicate = true> <Delay = 0.00>
ST_1 : Operation 9 [1/1] (0.00ns)   --->   "call void (...)* @_ssdm_op_SpecInterface(i8* %dst_data_stream_1_V, [8 x i8]* @ap_fifo_str, i32 0, i32 0, [1 x i8]* @p_str108, i32 0, i32 0, [1 x i8]* @p_str109, [1 x i8]* @p_str110, [1 x i8]* @p_str111, i32 2, i32 2, i32 16, i32 16, [1 x i8]* @p_str112, [1 x i8]* @p_str113)"   --->   Operation 9 'specinterface' <Predicate = true> <Delay = 0.00>
ST_1 : Operation 10 [1/1] (0.00ns)   --->   "call void (...)* @_ssdm_op_SpecInterface(i8* %dst_data_stream_0_V, [8 x i8]* @ap_fifo_str, i32 0, i32 0, [1 x i8]* @p_str101, i32 0, i32 0, [1 x i8]* @p_str102, [1 x i8]* @p_str103, [1 x i8]* @p_str104, i32 2, i32 2, i32 16, i32 16, [1 x i8]* @p_str105, [1 x i8]* @p_str106)"   --->   Operation 10 'specinterface' <Predicate = true> <Delay = 0.00>
ST_1 : Operation 11 [1/1] (0.00ns)   --->   "call void (...)* @_ssdm_op_SpecInterface(i8* %src_data_stream_3_V, [8 x i8]* @ap_fifo_str, i32 0, i32 0, [1 x i8]* @p_str94, i32 0, i32 0, [1 x i8]* @p_str95, [1 x i8]* @p_str96, [1 x i8]* @p_str97, i32 2, i32 2, i32 16, i32 16, [1 x i8]* @p_str98, [1 x i8]* @p_str99)"   --->   Operation 11 'specinterface' <Predicate = true> <Delay = 0.00>
ST_1 : Operation 12 [1/1] (0.00ns)   --->   "call void (...)* @_ssdm_op_SpecInterface(i8* %src_data_stream_2_V, [8 x i8]* @ap_fifo_str, i32 0, i32 0, [1 x i8]* @p_str87, i32 0, i32 0, [1 x i8]* @p_str88, [1 x i8]* @p_str89, [1 x i8]* @p_str90, i32 2, i32 2, i32 16, i32 16, [1 x i8]* @p_str91, [1 x i8]* @p_str92)"   --->   Operation 12 'specinterface' <Predicate = true> <Delay = 0.00>
ST_1 : Operation 13 [1/1] (0.00ns)   --->   "call void (...)* @_ssdm_op_SpecInterface(i8* %src_data_stream_1_V, [8 x i8]* @ap_fifo_str, i32 0, i32 0, [1 x i8]* @p_str80, i32 0, i32 0, [1 x i8]* @p_str81, [1 x i8]* @p_str82, [1 x i8]* @p_str83, i32 2, i32 2, i32 16, i32 16, [1 x i8]* @p_str84, [1 x i8]* @p_str85)"   --->   Operation 13 'specinterface' <Predicate = true> <Delay = 0.00>
ST_1 : Operation 14 [1/1] (0.00ns)   --->   "call void (...)* @_ssdm_op_SpecInterface(i8* %src_data_stream_0_V, [8 x i8]* @ap_fifo_str, i32 0, i32 0, [1 x i8]* @p_str73, i32 0, i32 0, [1 x i8]* @p_str74, [1 x i8]* @p_str75, [1 x i8]* @p_str76, i32 2, i32 2, i32 16, i32 16, [1 x i8]* @p_str77, [1 x i8]* @p_str78)"   --->   Operation 14 'specinterface' <Predicate = true> <Delay = 0.00>
ST_1 : Operation 15 [1/1] (0.75ns)   --->   "br label %1" [top.cpp:27]   --->   Operation 15 'br' <Predicate = true> <Delay = 0.75>

State 2 <SV = 1> <Delay = 1.18>
ST_2 : Operation 16 [1/1] (0.00ns)   --->   "%i_0 = phi i9 [ 0, %0 ], [ %i, %ROWS_end ]"   --->   Operation 16 'phi' 'i_0' <Predicate = true> <Delay = 0.00>
ST_2 : Operation 17 [1/1] (0.85ns)   --->   "%icmp_ln27 = icmp eq i9 %i_0, -254" [top.cpp:27]   --->   Operation 17 'icmp' 'icmp_ln27' <Predicate = true> <Delay = 0.85> <Core = "Cmp">   --->   Core 25 'Cmp' <Latency = 0> <II = 1> <Delay = 0.85> <FuncUnit> <Opcode : 'icmp'> <InPorts = 2> <OutPorts = 1>
ST_2 : Operation 18 [1/1] (0.00ns)   --->   "call void (...)* @_ssdm_op_SpecLoopTripCount(i64 258, i64 258, i64 258)"   --->   Operation 18 'speclooptripcount' <Predicate = true> <Delay = 0.00>
ST_2 : Operation 19 [1/1] (0.92ns)   --->   "%i = add i9 %i_0, 1" [top.cpp:27]   --->   Operation 19 'add' 'i' <Predicate = true> <Delay = 0.92> <Core = "AddSub">   --->   Core 14 'AddSub' <Latency = 0> <II = 1> <Delay = 0.92> <FuncUnit> <Opcode : 'add' 'sub'> <InPorts = 2> <OutPorts = 1>
ST_2 : Operation 20 [1/1] (0.00ns)   --->   "br i1 %icmp_ln27, label %3, label %ROWS_begin" [top.cpp:27]   --->   Operation 20 'br' <Predicate = true> <Delay = 0.00>
ST_2 : Operation 21 [1/1] (0.00ns)   --->   "call void (...)* @_ssdm_op_SpecLoopName([5 x i8]* @p_str4) nounwind" [top.cpp:27]   --->   Operation 21 'specloopname' <Predicate = (!icmp_ln27)> <Delay = 0.00>
ST_2 : Operation 22 [1/1] (0.00ns)   --->   "%tmp_s = call i32 (...)* @_ssdm_op_SpecRegionBegin([5 x i8]* @p_str4)" [top.cpp:27]   --->   Operation 22 'specregionbegin' 'tmp_s' <Predicate = (!icmp_ln27)> <Delay = 0.00>
ST_2 : Operation 23 [1/1] (0.75ns)   --->   "br label %2" [top.cpp:29]   --->   Operation 23 'br' <Predicate = (!icmp_ln27)> <Delay = 0.75>
ST_2 : Operation 24 [1/1] (0.00ns)   --->   "ret void" [top.cpp:39]   --->   Operation 24 'ret' <Predicate = (icmp_ln27)> <Delay = 0.00>

State 3 <SV = 2> <Delay = 0.92>
ST_3 : Operation 25 [1/1] (0.00ns)   --->   "%j_0 = phi i9 [ 0, %ROWS_begin ], [ %j, %COLS_begin ]"   --->   Operation 25 'phi' 'j_0' <Predicate = true> <Delay = 0.00>
ST_3 : Operation 26 [1/1] (0.85ns)   --->   "%icmp_ln29 = icmp eq i9 %j_0, -94" [top.cpp:29]   --->   Operation 26 'icmp' 'icmp_ln29' <Predicate = true> <Delay = 0.85> <Core = "Cmp">   --->   Core 25 'Cmp' <Latency = 0> <II = 1> <Delay = 0.85> <FuncUnit> <Opcode : 'icmp'> <InPorts = 2> <OutPorts = 1>
ST_3 : Operation 27 [1/1] (0.00ns)   --->   "call void (...)* @_ssdm_op_SpecLoopTripCount(i64 418, i64 418, i64 418)"   --->   Operation 27 'speclooptripcount' <Predicate = true> <Delay = 0.00>
ST_3 : Operation 28 [1/1] (0.92ns)   --->   "%j = add i9 %j_0, 1" [top.cpp:29]   --->   Operation 28 'add' 'j' <Predicate = true> <Delay = 0.92> <Core = "AddSub">   --->   Core 14 'AddSub' <Latency = 0> <II = 1> <Delay = 0.92> <FuncUnit> <Opcode : 'add' 'sub'> <InPorts = 2> <OutPorts = 1>
ST_3 : Operation 29 [1/1] (0.00ns)   --->   "br i1 %icmp_ln29, label %ROWS_end, label %COLS_begin" [top.cpp:29]   --->   Operation 29 'br' <Predicate = true> <Delay = 0.00>

State 4 <SV = 3> <Delay = 3.10>
ST_4 : Operation 30 [1/1] (0.00ns)   --->   "%tmp_7 = call i32 (...)* @_ssdm_op_SpecRegionBegin([12 x i8]* @p_str10)" [D:/Programs/Xilinx/Vivado/2019.2/common/technology/autopilot/hls/hls_video_core.h:672->D:/Programs/Xilinx/Vivado/2019.2/common/technology/autopilot/hls/hls_video_core.h:711->top.cpp:32]   --->   Operation 30 'specregionbegin' 'tmp_7' <Predicate = (!icmp_ln29)> <Delay = 0.00>
ST_4 : Operation 31 [1/1] (0.00ns)   --->   "call void (...)* @_ssdm_op_SpecProtocol(i32 0, [1 x i8]* @p_str1) nounwind" [D:/Programs/Xilinx/Vivado/2019.2/common/technology/autopilot/hls/hls_video_core.h:676->D:/Programs/Xilinx/Vivado/2019.2/common/technology/autopilot/hls/hls_video_core.h:711->top.cpp:32]   --->   Operation 31 'specprotocol' <Predicate = (!icmp_ln29)> <Delay = 0.00>
ST_4 : Operation 32 [1/1] (1.75ns)   --->   "%tmp_15 = call i8 @_ssdm_op_Read.ap_fifo.volatile.i8P(i8* %src_data_stream_0_V)" [D:/Programs/Xilinx/Vivado/2019.2/common/technology/autopilot/hls/hls_video_core.h:679->D:/Programs/Xilinx/Vivado/2019.2/common/technology/autopilot/hls/hls_video_core.h:711->top.cpp:32]   --->   Operation 32 'read' 'tmp_15' <Predicate = (!icmp_ln29)> <Delay = 1.75> <Core = "FIFO">   --->   Core 32 'FIFO' <Latency = 0> <II = 1> <Delay = 2.16> <Storage> <Opcode : 'read' 'write' 'nbread' 'nbwrite'> <Ports = 0> <Width = 8> <Depth = 2> <FIFO>
ST_4 : Operation 33 [1/1] (1.75ns)   --->   "%tmp_16 = call i8 @_ssdm_op_Read.ap_fifo.volatile.i8P(i8* %src_data_stream_1_V)" [D:/Programs/Xilinx/Vivado/2019.2/common/technology/autopilot/hls/hls_video_core.h:679->D:/Programs/Xilinx/Vivado/2019.2/common/technology/autopilot/hls/hls_video_core.h:711->top.cpp:32]   --->   Operation 33 'read' 'tmp_16' <Predicate = (!icmp_ln29)> <Delay = 1.75> <Core = "FIFO">   --->   Core 32 'FIFO' <Latency = 0> <II = 1> <Delay = 2.16> <Storage> <Opcode : 'read' 'write' 'nbread' 'nbwrite'> <Ports = 0> <Width = 8> <Depth = 2> <FIFO>
ST_4 : Operation 34 [1/1] (1.75ns)   --->   "%tmp_17 = call i8 @_ssdm_op_Read.ap_fifo.volatile.i8P(i8* %src_data_stream_2_V)" [D:/Programs/Xilinx/Vivado/2019.2/common/technology/autopilot/hls/hls_video_core.h:679->D:/Programs/Xilinx/Vivado/2019.2/common/technology/autopilot/hls/hls_video_core.h:711->top.cpp:32]   --->   Operation 34 'read' 'tmp_17' <Predicate = (!icmp_ln29)> <Delay = 1.75> <Core = "FIFO">   --->   Core 32 'FIFO' <Latency = 0> <II = 1> <Delay = 2.16> <Storage> <Opcode : 'read' 'write' 'nbread' 'nbwrite'> <Ports = 0> <Width = 8> <Depth = 2> <FIFO>
ST_4 : Operation 35 [1/1] (1.75ns)   --->   "%empty = call i8 @_ssdm_op_Read.ap_fifo.volatile.i8P(i8* %src_data_stream_3_V)" [D:/Programs/Xilinx/Vivado/2019.2/common/technology/autopilot/hls/hls_video_core.h:679->D:/Programs/Xilinx/Vivado/2019.2/common/technology/autopilot/hls/hls_video_core.h:711->top.cpp:32]   --->   Operation 35 'read' 'empty' <Predicate = (!icmp_ln29)> <Delay = 1.75> <Core = "FIFO">   --->   Core 32 'FIFO' <Latency = 0> <II = 1> <Delay = 2.16> <Storage> <Opcode : 'read' 'write' 'nbread' 'nbwrite'> <Ports = 0> <Width = 8> <Depth = 2> <FIFO>
ST_4 : Operation 36 [1/1] (0.00ns)   --->   "%empty_40 = call i32 (...)* @_ssdm_op_SpecRegionEnd([12 x i8]* @p_str10, i32 %tmp_7)" [D:/Programs/Xilinx/Vivado/2019.2/common/technology/autopilot/hls/hls_video_core.h:681->D:/Programs/Xilinx/Vivado/2019.2/common/technology/autopilot/hls/hls_video_core.h:711->top.cpp:32]   --->   Operation 36 'specregionend' 'empty_40' <Predicate = (!icmp_ln29)> <Delay = 0.00>
ST_4 : Operation 37 [1/1] (0.00ns)   --->   "%zext_ln33 = zext i8 %tmp_15 to i64" [top.cpp:33]   --->   Operation 37 'zext' 'zext_ln33' <Predicate = (!icmp_ln29)> <Delay = 0.00>
ST_4 : Operation 38 [1/1] (0.00ns)   --->   "%quant_table_addr = getelementptr [256 x i7]* @quant_table, i64 0, i64 %zext_ln33" [top.cpp:33]   --->   Operation 38 'getelementptr' 'quant_table_addr' <Predicate = (!icmp_ln29)> <Delay = 0.00>
ST_4 : Operation 39 [2/2] (1.35ns)   --->   "%tmp = load i7* %quant_table_addr, align 1" [top.cpp:33]   --->   Operation 39 'load' 'tmp' <Predicate = (!icmp_ln29)> <Delay = 1.35> <Core = "ROM_nP">   --->   Core 52 'ROM_nP' <Latency = 1> <II = 1> <Delay = 1.35> <Storage> <Opcode : 'load'> <Ports = 0> <Width = 7> <Depth = 256> <ROM>
ST_4 : Operation 40 [1/1] (0.00ns)   --->   "%zext_ln34 = zext i8 %tmp_16 to i64" [top.cpp:34]   --->   Operation 40 'zext' 'zext_ln34' <Predicate = (!icmp_ln29)> <Delay = 0.00>
ST_4 : Operation 41 [1/1] (0.00ns)   --->   "%quant_table_addr_1 = getelementptr [256 x i7]* @quant_table, i64 0, i64 %zext_ln34" [top.cpp:34]   --->   Operation 41 'getelementptr' 'quant_table_addr_1' <Predicate = (!icmp_ln29)> <Delay = 0.00>
ST_4 : Operation 42 [2/2] (1.35ns)   --->   "%tmp_11 = load i7* %quant_table_addr_1, align 1" [top.cpp:34]   --->   Operation 42 'load' 'tmp_11' <Predicate = (!icmp_ln29)> <Delay = 1.35> <Core = "ROM_nP">   --->   Core 52 'ROM_nP' <Latency = 1> <II = 1> <Delay = 1.35> <Storage> <Opcode : 'load'> <Ports = 0> <Width = 7> <Depth = 256> <ROM>
ST_4 : Operation 43 [1/1] (0.00ns)   --->   "%zext_ln35 = zext i8 %tmp_17 to i64" [top.cpp:35]   --->   Operation 43 'zext' 'zext_ln35' <Predicate = (!icmp_ln29)> <Delay = 0.00>
ST_4 : Operation 44 [1/1] (0.00ns)   --->   "%quant_table_addr_2 = getelementptr [256 x i7]* @quant_table, i64 0, i64 %zext_ln35" [top.cpp:35]   --->   Operation 44 'getelementptr' 'quant_table_addr_2' <Predicate = (!icmp_ln29)> <Delay = 0.00>
ST_4 : Operation 45 [2/2] (1.35ns)   --->   "%tmp_13 = load i7* %quant_table_addr_2, align 1" [top.cpp:35]   --->   Operation 45 'load' 'tmp_13' <Predicate = (!icmp_ln29)> <Delay = 1.35> <Core = "ROM_nP">   --->   Core 52 'ROM_nP' <Latency = 1> <II = 1> <Delay = 1.35> <Storage> <Opcode : 'load'> <Ports = 0> <Width = 7> <Depth = 256> <ROM>

State 5 <SV = 4> <Delay = 3.10>
ST_5 : Operation 46 [1/1] (0.00ns)   --->   "call void (...)* @_ssdm_op_SpecLoopName([5 x i8]* @p_str5) nounwind" [top.cpp:29]   --->   Operation 46 'specloopname' <Predicate = (!icmp_ln29)> <Delay = 0.00>
ST_5 : Operation 47 [1/1] (0.00ns)   --->   "%tmp_6 = call i32 (...)* @_ssdm_op_SpecRegionBegin([5 x i8]* @p_str5)" [top.cpp:29]   --->   Operation 47 'specregionbegin' 'tmp_6' <Predicate = (!icmp_ln29)> <Delay = 0.00>
ST_5 : Operation 48 [1/1] (0.00ns)   --->   "call void (...)* @_ssdm_op_SpecPipeline(i32 1, i32 1, i32 1, i32 0, [1 x i8]* @p_str1) nounwind" [top.cpp:31]   --->   Operation 48 'specpipeline' <Predicate = (!icmp_ln29)> <Delay = 0.00>
ST_5 : Operation 49 [1/2] (1.35ns)   --->   "%tmp = load i7* %quant_table_addr, align 1" [top.cpp:33]   --->   Operation 49 'load' 'tmp' <Predicate = (!icmp_ln29)> <Delay = 1.35> <Core = "ROM_nP">   --->   Core 52 'ROM_nP' <Latency = 1> <II = 1> <Delay = 1.35> <Storage> <Opcode : 'load'> <Ports = 0> <Width = 7> <Depth = 256> <ROM>
ST_5 : Operation 50 [1/1] (0.00ns)   --->   "%tmp_10 = zext i7 %tmp to i8" [top.cpp:33]   --->   Operation 50 'zext' 'tmp_10' <Predicate = (!icmp_ln29)> <Delay = 0.00>
ST_5 : Operation 51 [1/2] (1.35ns)   --->   "%tmp_11 = load i7* %quant_table_addr_1, align 1" [top.cpp:34]   --->   Operation 51 'load' 'tmp_11' <Predicate = (!icmp_ln29)> <Delay = 1.35> <Core = "ROM_nP">   --->   Core 52 'ROM_nP' <Latency = 1> <II = 1> <Delay = 1.35> <Storage> <Opcode : 'load'> <Ports = 0> <Width = 7> <Depth = 256> <ROM>
ST_5 : Operation 52 [1/1] (0.00ns)   --->   "%tmp_12 = zext i7 %tmp_11 to i8" [top.cpp:34]   --->   Operation 52 'zext' 'tmp_12' <Predicate = (!icmp_ln29)> <Delay = 0.00>
ST_5 : Operation 53 [1/2] (1.35ns)   --->   "%tmp_13 = load i7* %quant_table_addr_2, align 1" [top.cpp:35]   --->   Operation 53 'load' 'tmp_13' <Predicate = (!icmp_ln29)> <Delay = 1.35> <Core = "ROM_nP">   --->   Core 52 'ROM_nP' <Latency = 1> <II = 1> <Delay = 1.35> <Storage> <Opcode : 'load'> <Ports = 0> <Width = 7> <Depth = 256> <ROM>
ST_5 : Operation 54 [1/1] (0.00ns)   --->   "%tmp_14 = zext i7 %tmp_13 to i8" [top.cpp:35]   --->   Operation 54 'zext' 'tmp_14' <Predicate = (!icmp_ln29)> <Delay = 0.00>
ST_5 : Operation 55 [1/1] (0.00ns)   --->   "%tmp_8 = call i32 (...)* @_ssdm_op_SpecRegionBegin([12 x i8]* @p_str8)" [D:/Programs/Xilinx/Vivado/2019.2/common/technology/autopilot/hls/hls_video_core.h:696->D:/Programs/Xilinx/Vivado/2019.2/common/technology/autopilot/hls/hls_video_core.h:717->top.cpp:36]   --->   Operation 55 'specregionbegin' 'tmp_8' <Predicate = (!icmp_ln29)> <Delay = 0.00>
ST_5 : Operation 56 [1/1] (0.00ns)   --->   "call void (...)* @_ssdm_op_SpecProtocol(i32 0, [1 x i8]* @p_str1) nounwind" [D:/Programs/Xilinx/Vivado/2019.2/common/technology/autopilot/hls/hls_video_core.h:700->D:/Programs/Xilinx/Vivado/2019.2/common/technology/autopilot/hls/hls_video_core.h:717->top.cpp:36]   --->   Operation 56 'specprotocol' <Predicate = (!icmp_ln29)> <Delay = 0.00>
ST_5 : Operation 57 [1/1] (1.75ns)   --->   "call void @_ssdm_op_Write.ap_fifo.volatile.i8P(i8* %dst_data_stream_0_V, i8 %tmp_10)" [D:/Programs/Xilinx/Vivado/2019.2/common/technology/autopilot/hls/hls_video_core.h:703->D:/Programs/Xilinx/Vivado/2019.2/common/technology/autopilot/hls/hls_video_core.h:717->top.cpp:36]   --->   Operation 57 'write' <Predicate = (!icmp_ln29)> <Delay = 1.75> <Core = "FIFO">   --->   Core 32 'FIFO' <Latency = 0> <II = 1> <Delay = 2.16> <Storage> <Opcode : 'read' 'write' 'nbread' 'nbwrite'> <Ports = 0> <Width = 8> <Depth = 2> <FIFO>
ST_5 : Operation 58 [1/1] (1.75ns)   --->   "call void @_ssdm_op_Write.ap_fifo.volatile.i8P(i8* %dst_data_stream_1_V, i8 %tmp_12)" [D:/Programs/Xilinx/Vivado/2019.2/common/technology/autopilot/hls/hls_video_core.h:703->D:/Programs/Xilinx/Vivado/2019.2/common/technology/autopilot/hls/hls_video_core.h:717->top.cpp:36]   --->   Operation 58 'write' <Predicate = (!icmp_ln29)> <Delay = 1.75> <Core = "FIFO">   --->   Core 32 'FIFO' <Latency = 0> <II = 1> <Delay = 2.16> <Storage> <Opcode : 'read' 'write' 'nbread' 'nbwrite'> <Ports = 0> <Width = 8> <Depth = 2> <FIFO>
ST_5 : Operation 59 [1/1] (1.75ns)   --->   "call void @_ssdm_op_Write.ap_fifo.volatile.i8P(i8* %dst_data_stream_2_V, i8 %tmp_14)" [D:/Programs/Xilinx/Vivado/2019.2/common/technology/autopilot/hls/hls_video_core.h:703->D:/Programs/Xilinx/Vivado/2019.2/common/technology/autopilot/hls/hls_video_core.h:717->top.cpp:36]   --->   Operation 59 'write' <Predicate = (!icmp_ln29)> <Delay = 1.75> <Core = "FIFO">   --->   Core 32 'FIFO' <Latency = 0> <II = 1> <Delay = 2.16> <Storage> <Opcode : 'read' 'write' 'nbread' 'nbwrite'> <Ports = 0> <Width = 8> <Depth = 2> <FIFO>
ST_5 : Operation 60 [1/1] (1.75ns)   --->   "call void @_ssdm_op_Write.ap_fifo.volatile.i8P(i8* %dst_data_stream_3_V, i8 %tmp_14)" [D:/Programs/Xilinx/Vivado/2019.2/common/technology/autopilot/hls/hls_video_core.h:703->D:/Programs/Xilinx/Vivado/2019.2/common/technology/autopilot/hls/hls_video_core.h:717->top.cpp:36]   --->   Operation 60 'write' <Predicate = (!icmp_ln29)> <Delay = 1.75> <Core = "FIFO">   --->   Core 32 'FIFO' <Latency = 0> <II = 1> <Delay = 2.16> <Storage> <Opcode : 'read' 'write' 'nbread' 'nbwrite'> <Ports = 0> <Width = 8> <Depth = 2> <FIFO>
ST_5 : Operation 61 [1/1] (0.00ns)   --->   "%empty_41 = call i32 (...)* @_ssdm_op_SpecRegionEnd([12 x i8]* @p_str8, i32 %tmp_8)" [D:/Programs/Xilinx/Vivado/2019.2/common/technology/autopilot/hls/hls_video_core.h:705->D:/Programs/Xilinx/Vivado/2019.2/common/technology/autopilot/hls/hls_video_core.h:717->top.cpp:36]   --->   Operation 61 'specregionend' 'empty_41' <Predicate = (!icmp_ln29)> <Delay = 0.00>
ST_5 : Operation 62 [1/1] (0.00ns)   --->   "%empty_42 = call i32 (...)* @_ssdm_op_SpecRegionEnd([5 x i8]* @p_str5, i32 %tmp_6)" [top.cpp:37]   --->   Operation 62 'specregionend' 'empty_42' <Predicate = (!icmp_ln29)> <Delay = 0.00>
ST_5 : Operation 63 [1/1] (0.00ns)   --->   "br label %2" [top.cpp:29]   --->   Operation 63 'br' <Predicate = (!icmp_ln29)> <Delay = 0.00>

State 6 <SV = 3> <Delay = 0.00>
ST_6 : Operation 64 [1/1] (0.00ns)   --->   "%empty_43 = call i32 (...)* @_ssdm_op_SpecRegionEnd([5 x i8]* @p_str4, i32 %tmp_s)" [top.cpp:38]   --->   Operation 64 'specregionend' 'empty_43' <Predicate = true> <Delay = 0.00>
ST_6 : Operation 65 [1/1] (0.00ns)   --->   "br label %1" [top.cpp:27]   --->   Operation 65 'br' <Predicate = true> <Delay = 0.00>


============================================================
+ Verbose Summary: Binding
============================================================
STG Binding: 
---------------- STG Properties BEGIN ----------------
- Is combinational: 0
- Is one-state seq: 0
- Is datapath-only: 0
- Is pipelined: 0
- Is top level: 0
Port [ Return ] is wired: 1; IO mode=ap_ctrl_hs:ce=0
Port [ src_data_stream_0_V]:  wired=1; compound=1; hidden=0; nouse=0; global=0; static=0; extern=0; dir=0; type=3; pingpong=0; private_global=0; IO mode=ap_fifo:ce=0
Port [ src_data_stream_1_V]:  wired=1; compound=1; hidden=0; nouse=0; global=0; static=0; extern=0; dir=0; type=3; pingpong=0; private_global=0; IO mode=ap_fifo:ce=0
Port [ src_data_stream_2_V]:  wired=1; compound=1; hidden=0; nouse=0; global=0; static=0; extern=0; dir=0; type=3; pingpong=0; private_global=0; IO mode=ap_fifo:ce=0
Port [ src_data_stream_3_V]:  wired=1; compound=1; hidden=0; nouse=0; global=0; static=0; extern=0; dir=0; type=3; pingpong=0; private_global=0; IO mode=ap_fifo:ce=0
Port [ dst_data_stream_0_V]:  wired=1; compound=1; hidden=0; nouse=0; global=0; static=0; extern=0; dir=1; type=3; pingpong=0; private_global=0; IO mode=ap_fifo:ce=0
Port [ dst_data_stream_1_V]:  wired=1; compound=1; hidden=0; nouse=0; global=0; static=0; extern=0; dir=1; type=3; pingpong=0; private_global=0; IO mode=ap_fifo:ce=0
Port [ dst_data_stream_2_V]:  wired=1; compound=1; hidden=0; nouse=0; global=0; static=0; extern=0; dir=1; type=3; pingpong=0; private_global=0; IO mode=ap_fifo:ce=0
Port [ dst_data_stream_3_V]:  wired=1; compound=1; hidden=0; nouse=0; global=0; static=0; extern=0; dir=1; type=3; pingpong=0; private_global=0; IO mode=ap_fifo:ce=0
Port [ quant_table]:  wired=0; compound=1; hidden=1; nouse=0; global=1; static=1; extern=0; dir=0; type=1; pingpong=0; private_global=1; linkage=7; visibility=0; MemPort=[111]; IO mode=ap_memory:ce=0
---------------- STG Properties END ------------------

---------------- Datapath Model BEGIN ----------------

<LifeTime>
<method=bitvector/>
specinterface_ln0     (specinterface    ) [ 0000000]
specinterface_ln0     (specinterface    ) [ 0000000]
specinterface_ln0     (specinterface    ) [ 0000000]
specinterface_ln0     (specinterface    ) [ 0000000]
specinterface_ln0     (specinterface    ) [ 0000000]
specinterface_ln0     (specinterface    ) [ 0000000]
specinterface_ln0     (specinterface    ) [ 0000000]
specinterface_ln0     (specinterface    ) [ 0000000]
br_ln27               (br               ) [ 0111111]
i_0                   (phi              ) [ 0010000]
icmp_ln27             (icmp             ) [ 0011111]
speclooptripcount_ln0 (speclooptripcount) [ 0000000]
i                     (add              ) [ 0111111]
br_ln27               (br               ) [ 0000000]
specloopname_ln27     (specloopname     ) [ 0000000]
tmp_s                 (specregionbegin  ) [ 0001111]
br_ln29               (br               ) [ 0011111]
ret_ln39              (ret              ) [ 0000000]
j_0                   (phi              ) [ 0001000]
icmp_ln29             (icmp             ) [ 0011111]
speclooptripcount_ln0 (speclooptripcount) [ 0000000]
j                     (add              ) [ 0011111]
br_ln29               (br               ) [ 0000000]
tmp_7                 (specregionbegin  ) [ 0000000]
specprotocol_ln676    (specprotocol     ) [ 0000000]
tmp_15                (read             ) [ 0000000]
tmp_16                (read             ) [ 0000000]
tmp_17                (read             ) [ 0000000]
empty                 (read             ) [ 0000000]
empty_40              (specregionend    ) [ 0000000]
zext_ln33             (zext             ) [ 0000000]
quant_table_addr      (getelementptr    ) [ 0001010]
zext_ln34             (zext             ) [ 0000000]
quant_table_addr_1    (getelementptr    ) [ 0001010]
zext_ln35             (zext             ) [ 0000000]
quant_table_addr_2    (getelementptr    ) [ 0001010]
specloopname_ln29     (specloopname     ) [ 0000000]
tmp_6                 (specregionbegin  ) [ 0000000]
specpipeline_ln31     (specpipeline     ) [ 0000000]
tmp                   (load             ) [ 0000000]
tmp_10                (zext             ) [ 0000000]
tmp_11                (load             ) [ 0000000]
tmp_12                (zext             ) [ 0000000]
tmp_13                (load             ) [ 0000000]
tmp_14                (zext             ) [ 0000000]
tmp_8                 (specregionbegin  ) [ 0000000]
specprotocol_ln700    (specprotocol     ) [ 0000000]
write_ln703           (write            ) [ 0000000]
write_ln703           (write            ) [ 0000000]
write_ln703           (write            ) [ 0000000]
write_ln703           (write            ) [ 0000000]
empty_41              (specregionend    ) [ 0000000]
empty_42              (specregionend    ) [ 0000000]
br_ln29               (br               ) [ 0011111]
empty_43              (specregionend    ) [ 0000000]
br_ln27               (br               ) [ 0111111]
</LifeTime>

<model>

<comp_list>
<comp id="0" class="1000" name="src_data_stream_0_V">
<pin_list>
<pin id="1" dir="1" index="0" bw="1" slack="0"/>
</pin_list>
<bind>
<StgValue><ssdm name="src_data_stream_0_V"/></StgValue>
</bind>
</comp>

<comp id="2" class="1000" name="src_data_stream_1_V">
<pin_list>
<pin id="3" dir="1" index="0" bw="1" slack="0"/>
</pin_list>
<bind>
<StgValue><ssdm name="src_data_stream_1_V"/></StgValue>
</bind>
</comp>

<comp id="4" class="1000" name="src_data_stream_2_V">
<pin_list>
<pin id="5" dir="1" index="0" bw="1" slack="0"/>
</pin_list>
<bind>
<StgValue><ssdm name="src_data_stream_2_V"/></StgValue>
</bind>
</comp>

<comp id="6" class="1000" name="src_data_stream_3_V">
<pin_list>
<pin id="7" dir="1" index="0" bw="1" slack="0"/>
</pin_list>
<bind>
<StgValue><ssdm name="src_data_stream_3_V"/></StgValue>
</bind>
</comp>

<comp id="8" class="1000" name="dst_data_stream_0_V">
<pin_list>
<pin id="9" dir="1" index="0" bw="1" slack="0"/>
</pin_list>
<bind>
<StgValue><ssdm name="dst_data_stream_0_V"/></StgValue>
</bind>
</comp>

<comp id="10" class="1000" name="dst_data_stream_1_V">
<pin_list>
<pin id="11" dir="1" index="0" bw="1" slack="0"/>
</pin_list>
<bind>
<StgValue><ssdm name="dst_data_stream_1_V"/></StgValue>
</bind>
</comp>

<comp id="12" class="1000" name="dst_data_stream_2_V">
<pin_list>
<pin id="13" dir="1" index="0" bw="1" slack="0"/>
</pin_list>
<bind>
<StgValue><ssdm name="dst_data_stream_2_V"/></StgValue>
</bind>
</comp>

<comp id="14" class="1000" name="dst_data_stream_3_V">
<pin_list>
<pin id="15" dir="1" index="0" bw="1" slack="0"/>
</pin_list>
<bind>
<StgValue><ssdm name="dst_data_stream_3_V"/></StgValue>
</bind>
</comp>

<comp id="16" class="1000" name="quant_table">
<pin_list>
<pin id="17" dir="1" index="0" bw="1" slack="0"/>
</pin_list>
<bind>
<StgValue><ssdm name="quant_table"/><MemPortTyVec>1 1 1 </MemPortTyVec>
</StgValue>
</bind>
</comp>

<comp id="18" class="1001" name="const_18">
<pin_list>
<pin id="19" dir="1" index="0" bw="1" slack="2147483647"/>
</pin_list>
<bind>
<StgValue><ssdm name="_ssdm_op_SpecInterface"/></StgValue>
</bind>
</comp>

<comp id="20" class="1001" name="const_20">
<pin_list>
<pin id="21" dir="1" index="0" bw="1" slack="2147483647"/>
</pin_list>
<bind>
<StgValue><ssdm name="ap_fifo_str"/></StgValue>
</bind>
</comp>

<comp id="22" class="1001" name="const_22">
<pin_list>
<pin id="23" dir="1" index="0" bw="1" slack="2147483647"/>
</pin_list>
<bind>
<StgValue><ssdm name=""/></StgValue>
</bind>
</comp>

<comp id="24" class="1001" name="const_24">
<pin_list>
<pin id="25" dir="1" index="0" bw="1" slack="2147483647"/>
</pin_list>
<bind>
<StgValue><ssdm name="p_str122"/></StgValue>
</bind>
</comp>

<comp id="26" class="1001" name="const_26">
<pin_list>
<pin id="27" dir="1" index="0" bw="1" slack="2147483647"/>
</pin_list>
<bind>
<StgValue><ssdm name="p_str123"/></StgValue>
</bind>
</comp>

<comp id="28" class="1001" name="const_28">
<pin_list>
<pin id="29" dir="1" index="0" bw="1" slack="2147483647"/>
</pin_list>
<bind>
<StgValue><ssdm name="p_str124"/></StgValue>
</bind>
</comp>

<comp id="30" class="1001" name="const_30">
<pin_list>
<pin id="31" dir="1" index="0" bw="1" slack="2147483647"/>
</pin_list>
<bind>
<StgValue><ssdm name="p_str125"/></StgValue>
</bind>
</comp>

<comp id="32" class="1001" name="const_32">
<pin_list>
<pin id="33" dir="1" index="0" bw="1" slack="2147483647"/>
</pin_list>
<bind>
<StgValue><ssdm name=""/></StgValue>
</bind>
</comp>

<comp id="34" class="1001" name="const_34">
<pin_list>
<pin id="35" dir="1" index="0" bw="1" slack="2147483647"/>
</pin_list>
<bind>
<StgValue><ssdm name=""/></StgValue>
</bind>
</comp>

<comp id="36" class="1001" name="const_36">
<pin_list>
<pin id="37" dir="1" index="0" bw="1" slack="2147483647"/>
</pin_list>
<bind>
<StgValue><ssdm name="p_str126"/></StgValue>
</bind>
</comp>

<comp id="38" class="1001" name="const_38">
<pin_list>
<pin id="39" dir="1" index="0" bw="1" slack="2147483647"/>
</pin_list>
<bind>
<StgValue><ssdm name="p_str127"/></StgValue>
</bind>
</comp>

<comp id="40" class="1001" name="const_40">
<pin_list>
<pin id="41" dir="1" index="0" bw="1" slack="2147483647"/>
</pin_list>
<bind>
<StgValue><ssdm name="p_str115"/></StgValue>
</bind>
</comp>

<comp id="42" class="1001" name="const_42">
<pin_list>
<pin id="43" dir="1" index="0" bw="1" slack="2147483647"/>
</pin_list>
<bind>
<StgValue><ssdm name="p_str116"/></StgValue>
</bind>
</comp>

<comp id="44" class="1001" name="const_44">
<pin_list>
<pin id="45" dir="1" index="0" bw="1" slack="2147483647"/>
</pin_list>
<bind>
<StgValue><ssdm name="p_str117"/></StgValue>
</bind>
</comp>

<comp id="46" class="1001" name="const_46">
<pin_list>
<pin id="47" dir="1" index="0" bw="1" slack="2147483647"/>
</pin_list>
<bind>
<StgValue><ssdm name="p_str118"/></StgValue>
</bind>
</comp>

<comp id="48" class="1001" name="const_48">
<pin_list>
<pin id="49" dir="1" index="0" bw="1" slack="2147483647"/>
</pin_list>
<bind>
<StgValue><ssdm name="p_str119"/></StgValue>
</bind>
</comp>

<comp id="50" class="1001" name="const_50">
<pin_list>
<pin id="51" dir="1" index="0" bw="1" slack="2147483647"/>
</pin_list>
<bind>
<StgValue><ssdm name="p_str120"/></StgValue>
</bind>
</comp>

<comp id="52" class="1001" name="const_52">
<pin_list>
<pin id="53" dir="1" index="0" bw="1" slack="2147483647"/>
</pin_list>
<bind>
<StgValue><ssdm name="p_str108"/></StgValue>
</bind>
</comp>

<comp id="54" class="1001" name="const_54">
<pin_list>
<pin id="55" dir="1" index="0" bw="1" slack="2147483647"/>
</pin_list>
<bind>
<StgValue><ssdm name="p_str109"/></StgValue>
</bind>
</comp>

<comp id="56" class="1001" name="const_56">
<pin_list>
<pin id="57" dir="1" index="0" bw="1" slack="2147483647"/>
</pin_list>
<bind>
<StgValue><ssdm name="p_str110"/></StgValue>
</bind>
</comp>

<comp id="58" class="1001" name="const_58">
<pin_list>
<pin id="59" dir="1" index="0" bw="1" slack="2147483647"/>
</pin_list>
<bind>
<StgValue><ssdm name="p_str111"/></StgValue>
</bind>
</comp>

<comp id="60" class="1001" name="const_60">
<pin_list>
<pin id="61" dir="1" index="0" bw="1" slack="2147483647"/>
</pin_list>
<bind>
<StgValue><ssdm name="p_str112"/></StgValue>
</bind>
</comp>

<comp id="62" class="1001" name="const_62">
<pin_list>
<pin id="63" dir="1" index="0" bw="1" slack="2147483647"/>
</pin_list>
<bind>
<StgValue><ssdm name="p_str113"/></StgValue>
</bind>
</comp>

<comp id="64" class="1001" name="const_64">
<pin_list>
<pin id="65" dir="1" index="0" bw="1" slack="2147483647"/>
</pin_list>
<bind>
<StgValue><ssdm name="p_str101"/></StgValue>
</bind>
</comp>

<comp id="66" class="1001" name="const_66">
<pin_list>
<pin id="67" dir="1" index="0" bw="1" slack="2147483647"/>
</pin_list>
<bind>
<StgValue><ssdm name="p_str102"/></StgValue>
</bind>
</comp>

<comp id="68" class="1001" name="const_68">
<pin_list>
<pin id="69" dir="1" index="0" bw="1" slack="2147483647"/>
</pin_list>
<bind>
<StgValue><ssdm name="p_str103"/></StgValue>
</bind>
</comp>

<comp id="70" class="1001" name="const_70">
<pin_list>
<pin id="71" dir="1" index="0" bw="1" slack="2147483647"/>
</pin_list>
<bind>
<StgValue><ssdm name="p_str104"/></StgValue>
</bind>
</comp>

<comp id="72" class="1001" name="const_72">
<pin_list>
<pin id="73" dir="1" index="0" bw="1" slack="2147483647"/>
</pin_list>
<bind>
<StgValue><ssdm name="p_str105"/></StgValue>
</bind>
</comp>

<comp id="74" class="1001" name="const_74">
<pin_list>
<pin id="75" dir="1" index="0" bw="1" slack="2147483647"/>
</pin_list>
<bind>
<StgValue><ssdm name="p_str106"/></StgValue>
</bind>
</comp>

<comp id="76" class="1001" name="const_76">
<pin_list>
<pin id="77" dir="1" index="0" bw="1" slack="2147483647"/>
</pin_list>
<bind>
<StgValue><ssdm name="p_str94"/></StgValue>
</bind>
</comp>

<comp id="78" class="1001" name="const_78">
<pin_list>
<pin id="79" dir="1" index="0" bw="1" slack="2147483647"/>
</pin_list>
<bind>
<StgValue><ssdm name="p_str95"/></StgValue>
</bind>
</comp>

<comp id="80" class="1001" name="const_80">
<pin_list>
<pin id="81" dir="1" index="0" bw="1" slack="2147483647"/>
</pin_list>
<bind>
<StgValue><ssdm name="p_str96"/></StgValue>
</bind>
</comp>

<comp id="82" class="1001" name="const_82">
<pin_list>
<pin id="83" dir="1" index="0" bw="1" slack="2147483647"/>
</pin_list>
<bind>
<StgValue><ssdm name="p_str97"/></StgValue>
</bind>
</comp>

<comp id="84" class="1001" name="const_84">
<pin_list>
<pin id="85" dir="1" index="0" bw="1" slack="2147483647"/>
</pin_list>
<bind>
<StgValue><ssdm name="p_str98"/></StgValue>
</bind>
</comp>

<comp id="86" class="1001" name="const_86">
<pin_list>
<pin id="87" dir="1" index="0" bw="1" slack="2147483647"/>
</pin_list>
<bind>
<StgValue><ssdm name="p_str99"/></StgValue>
</bind>
</comp>

<comp id="88" class="1001" name="const_88">
<pin_list>
<pin id="89" dir="1" index="0" bw="1" slack="2147483647"/>
</pin_list>
<bind>
<StgValue><ssdm name="p_str87"/></StgValue>
</bind>
</comp>

<comp id="90" class="1001" name="const_90">
<pin_list>
<pin id="91" dir="1" index="0" bw="1" slack="2147483647"/>
</pin_list>
<bind>
<StgValue><ssdm name="p_str88"/></StgValue>
</bind>
</comp>

<comp id="92" class="1001" name="const_92">
<pin_list>
<pin id="93" dir="1" index="0" bw="1" slack="2147483647"/>
</pin_list>
<bind>
<StgValue><ssdm name="p_str89"/></StgValue>
</bind>
</comp>

<comp id="94" class="1001" name="const_94">
<pin_list>
<pin id="95" dir="1" index="0" bw="1" slack="2147483647"/>
</pin_list>
<bind>
<StgValue><ssdm name="p_str90"/></StgValue>
</bind>
</comp>

<comp id="96" class="1001" name="const_96">
<pin_list>
<pin id="97" dir="1" index="0" bw="1" slack="2147483647"/>
</pin_list>
<bind>
<StgValue><ssdm name="p_str91"/></StgValue>
</bind>
</comp>

<comp id="98" class="1001" name="const_98">
<pin_list>
<pin id="99" dir="1" index="0" bw="1" slack="2147483647"/>
</pin_list>
<bind>
<StgValue><ssdm name="p_str92"/></StgValue>
</bind>
</comp>

<comp id="100" class="1001" name="const_100">
<pin_list>
<pin id="101" dir="1" index="0" bw="1" slack="2147483647"/>
</pin_list>
<bind>
<StgValue><ssdm name="p_str80"/></StgValue>
</bind>
</comp>

<comp id="102" class="1001" name="const_102">
<pin_list>
<pin id="103" dir="1" index="0" bw="1" slack="2147483647"/>
</pin_list>
<bind>
<StgValue><ssdm name="p_str81"/></StgValue>
</bind>
</comp>

<comp id="104" class="1001" name="const_104">
<pin_list>
<pin id="105" dir="1" index="0" bw="1" slack="2147483647"/>
</pin_list>
<bind>
<StgValue><ssdm name="p_str82"/></StgValue>
</bind>
</comp>

<comp id="106" class="1001" name="const_106">
<pin_list>
<pin id="107" dir="1" index="0" bw="1" slack="2147483647"/>
</pin_list>
<bind>
<StgValue><ssdm name="p_str83"/></StgValue>
</bind>
</comp>

<comp id="108" class="1001" name="const_108">
<pin_list>
<pin id="109" dir="1" index="0" bw="1" slack="2147483647"/>
</pin_list>
<bind>
<StgValue><ssdm name="p_str84"/></StgValue>
</bind>
</comp>

<comp id="110" class="1001" name="const_110">
<pin_list>
<pin id="111" dir="1" index="0" bw="1" slack="2147483647"/>
</pin_list>
<bind>
<StgValue><ssdm name="p_str85"/></StgValue>
</bind>
</comp>

<comp id="112" class="1001" name="const_112">
<pin_list>
<pin id="113" dir="1" index="0" bw="1" slack="2147483647"/>
</pin_list>
<bind>
<StgValue><ssdm name="p_str73"/></StgValue>
</bind>
</comp>

<comp id="114" class="1001" name="const_114">
<pin_list>
<pin id="115" dir="1" index="0" bw="1" slack="2147483647"/>
</pin_list>
<bind>
<StgValue><ssdm name="p_str74"/></StgValue>
</bind>
</comp>

<comp id="116" class="1001" name="const_116">
<pin_list>
<pin id="117" dir="1" index="0" bw="1" slack="2147483647"/>
</pin_list>
<bind>
<StgValue><ssdm name="p_str75"/></StgValue>
</bind>
</comp>

<comp id="118" class="1001" name="const_118">
<pin_list>
<pin id="119" dir="1" index="0" bw="1" slack="2147483647"/>
</pin_list>
<bind>
<StgValue><ssdm name="p_str76"/></StgValue>
</bind>
</comp>

<comp id="120" class="1001" name="const_120">
<pin_list>
<pin id="121" dir="1" index="0" bw="1" slack="2147483647"/>
</pin_list>
<bind>
<StgValue><ssdm name="p_str77"/></StgValue>
</bind>
</comp>

<comp id="122" class="1001" name="const_122">
<pin_list>
<pin id="123" dir="1" index="0" bw="1" slack="2147483647"/>
</pin_list>
<bind>
<StgValue><ssdm name="p_str78"/></StgValue>
</bind>
</comp>

<comp id="124" class="1001" name="const_124">
<pin_list>
<pin id="125" dir="1" index="0" bw="1" slack="1"/>
</pin_list>
<bind>
<StgValue><ssdm name=""/></StgValue>
</bind>
</comp>

<comp id="126" class="1001" name="const_126">
<pin_list>
<pin id="127" dir="1" index="0" bw="1" slack="0"/>
</pin_list>
<bind>
<StgValue><ssdm name=""/></StgValue>
</bind>
</comp>

<comp id="128" class="1001" name="const_128">
<pin_list>
<pin id="129" dir="1" index="0" bw="1" slack="2147483647"/>
</pin_list>
<bind>
<StgValue><ssdm name="_ssdm_op_SpecLoopTripCount"/></StgValue>
</bind>
</comp>

<comp id="130" class="1001" name="const_130">
<pin_list>
<pin id="131" dir="1" index="0" bw="1" slack="2147483647"/>
</pin_list>
<bind>
<StgValue><ssdm name=""/></StgValue>
</bind>
</comp>

<comp id="132" class="1001" name="const_132">
<pin_list>
<pin id="133" dir="1" index="0" bw="1" slack="0"/>
</pin_list>
<bind>
<StgValue><ssdm name=""/></StgValue>
</bind>
</comp>

<comp id="134" class="1001" name="const_134">
<pin_list>
<pin id="135" dir="1" index="0" bw="1" slack="2147483647"/>
</pin_list>
<bind>
<StgValue><ssdm name="_ssdm_op_SpecLoopName"/></StgValue>
</bind>
</comp>

<comp id="136" class="1001" name="const_136">
<pin_list>
<pin id="137" dir="1" index="0" bw="1" slack="2147483647"/>
</pin_list>
<bind>
<StgValue><ssdm name="p_str4"/></StgValue>
</bind>
</comp>

<comp id="138" class="1001" name="const_138">
<pin_list>
<pin id="139" dir="1" index="0" bw="1" slack="2147483647"/>
</pin_list>
<bind>
<StgValue><ssdm name="_ssdm_op_SpecRegionBegin"/></StgValue>
</bind>
</comp>

<comp id="140" class="1001" name="const_140">
<pin_list>
<pin id="141" dir="1" index="0" bw="1" slack="0"/>
</pin_list>
<bind>
<StgValue><ssdm name=""/></StgValue>
</bind>
</comp>

<comp id="142" class="1001" name="const_142">
<pin_list>
<pin id="143" dir="1" index="0" bw="1" slack="2147483647"/>
</pin_list>
<bind>
<StgValue><ssdm name=""/></StgValue>
</bind>
</comp>

<comp id="144" class="1001" name="const_144">
<pin_list>
<pin id="145" dir="1" index="0" bw="1" slack="2147483647"/>
</pin_list>
<bind>
<StgValue><ssdm name="p_str10"/></StgValue>
</bind>
</comp>

<comp id="146" class="1001" name="const_146">
<pin_list>
<pin id="147" dir="1" index="0" bw="1" slack="2147483647"/>
</pin_list>
<bind>
<StgValue><ssdm name="_ssdm_op_SpecProtocol"/></StgValue>
</bind>
</comp>

<comp id="148" class="1001" name="const_148">
<pin_list>
<pin id="149" dir="1" index="0" bw="1" slack="2147483647"/>
</pin_list>
<bind>
<StgValue><ssdm name="p_str1"/></StgValue>
</bind>
</comp>

<comp id="150" class="1001" name="const_150">
<pin_list>
<pin id="151" dir="1" index="0" bw="1" slack="0"/>
</pin_list>
<bind>
<StgValue><ssdm name="_ssdm_op_Read.ap_fifo.volatile.i8P"/></StgValue>
</bind>
</comp>

<comp id="152" class="1001" name="const_152">
<pin_list>
<pin id="153" dir="1" index="0" bw="1" slack="2147483647"/>
</pin_list>
<bind>
<StgValue><ssdm name="_ssdm_op_SpecRegionEnd"/></StgValue>
</bind>
</comp>

<comp id="154" class="1001" name="const_154">
<pin_list>
<pin id="155" dir="1" index="0" bw="1" slack="0"/>
</pin_list>
<bind>
<StgValue><ssdm name=""/></StgValue>
</bind>
</comp>

<comp id="156" class="1001" name="const_156">
<pin_list>
<pin id="157" dir="1" index="0" bw="1" slack="2147483647"/>
</pin_list>
<bind>
<StgValue><ssdm name="p_str5"/></StgValue>
</bind>
</comp>

<comp id="158" class="1001" name="const_158">
<pin_list>
<pin id="159" dir="1" index="0" bw="1" slack="2147483647"/>
</pin_list>
<bind>
<StgValue><ssdm name="_ssdm_op_SpecPipeline"/></StgValue>
</bind>
</comp>

<comp id="160" class="1001" name="const_160">
<pin_list>
<pin id="161" dir="1" index="0" bw="1" slack="2147483647"/>
</pin_list>
<bind>
<StgValue><ssdm name=""/></StgValue>
</bind>
</comp>

<comp id="162" class="1001" name="const_162">
<pin_list>
<pin id="163" dir="1" index="0" bw="1" slack="2147483647"/>
</pin_list>
<bind>
<StgValue><ssdm name="p_str8"/></StgValue>
</bind>
</comp>

<comp id="164" class="1001" name="const_164">
<pin_list>
<pin id="165" dir="1" index="0" bw="1" slack="0"/>
</pin_list>
<bind>
<StgValue><ssdm name="_ssdm_op_Write.ap_fifo.volatile.i8P"/></StgValue>
</bind>
</comp>

<comp id="166" class="1004" name="tmp_15_read_fu_166">
<pin_list>
<pin id="167" dir="0" index="0" bw="8" slack="0"/>
<pin id="168" dir="0" index="1" bw="8" slack="0"/>
<pin id="169" dir="1" index="2" bw="8" slack="0"/>
</pin_list>
<bind>
<opcode="read(1150) " fcode="read"/>
<opset="tmp_15/4 "/>
</bind>
</comp>

<comp id="172" class="1004" name="tmp_16_read_fu_172">
<pin_list>
<pin id="173" dir="0" index="0" bw="8" slack="0"/>
<pin id="174" dir="0" index="1" bw="8" slack="0"/>
<pin id="175" dir="1" index="2" bw="8" slack="0"/>
</pin_list>
<bind>
<opcode="read(1150) " fcode="read"/>
<opset="tmp_16/4 "/>
</bind>
</comp>

<comp id="178" class="1004" name="tmp_17_read_fu_178">
<pin_list>
<pin id="179" dir="0" index="0" bw="8" slack="0"/>
<pin id="180" dir="0" index="1" bw="8" slack="0"/>
<pin id="181" dir="1" index="2" bw="8" slack="0"/>
</pin_list>
<bind>
<opcode="read(1150) " fcode="read"/>
<opset="tmp_17/4 "/>
</bind>
</comp>

<comp id="184" class="1004" name="empty_read_fu_184">
<pin_list>
<pin id="185" dir="0" index="0" bw="8" slack="0"/>
<pin id="186" dir="0" index="1" bw="8" slack="0"/>
<pin id="187" dir="1" index="2" bw="8" slack="2147483647"/>
</pin_list>
<bind>
<opcode="read(1150) " fcode="read"/>
<opset="empty/4 "/>
</bind>
</comp>

<comp id="190" class="1004" name="write_ln703_write_fu_190">
<pin_list>
<pin id="191" dir="0" index="0" bw="0" slack="0"/>
<pin id="192" dir="0" index="1" bw="8" slack="0"/>
<pin id="193" dir="0" index="2" bw="7" slack="0"/>
<pin id="194" dir="1" index="3" bw="0" slack="2147483647"/>
</pin_list>
<bind>
<opcode="write(1151) " fcode="write"/>
<opset="write_ln703/5 "/>
</bind>
</comp>

<comp id="197" class="1004" name="write_ln703_write_fu_197">
<pin_list>
<pin id="198" dir="0" index="0" bw="0" slack="0"/>
<pin id="199" dir="0" index="1" bw="8" slack="0"/>
<pin id="200" dir="0" index="2" bw="7" slack="0"/>
<pin id="201" dir="1" index="3" bw="0" slack="2147483647"/>
</pin_list>
<bind>
<opcode="write(1151) " fcode="write"/>
<opset="write_ln703/5 "/>
</bind>
</comp>

<comp id="204" class="1004" name="write_ln703_write_fu_204">
<pin_list>
<pin id="205" dir="0" index="0" bw="0" slack="0"/>
<pin id="206" dir="0" index="1" bw="8" slack="0"/>
<pin id="207" dir="0" index="2" bw="7" slack="0"/>
<pin id="208" dir="1" index="3" bw="0" slack="2147483647"/>
</pin_list>
<bind>
<opcode="write(1151) " fcode="write"/>
<opset="write_ln703/5 "/>
</bind>
</comp>

<comp id="211" class="1004" name="write_ln703_write_fu_211">
<pin_list>
<pin id="212" dir="0" index="0" bw="0" slack="0"/>
<pin id="213" dir="0" index="1" bw="8" slack="0"/>
<pin id="214" dir="0" index="2" bw="7" slack="0"/>
<pin id="215" dir="1" index="3" bw="0" slack="2147483647"/>
</pin_list>
<bind>
<opcode="write(1151) " fcode="write"/>
<opset="write_ln703/5 "/>
</bind>
</comp>

<comp id="218" class="1004" name="quant_table_addr_gep_fu_218">
<pin_list>
<pin id="219" dir="0" index="0" bw="7" slack="0"/>
<pin id="220" dir="0" index="1" bw="1" slack="0"/>
<pin id="221" dir="0" index="2" bw="8" slack="0"/>
<pin id="222" dir="1" index="3" bw="8" slack="0"/>
</pin_list>
<bind>
<opcode="getelementptr(29) " fcode="getelementptr"/>
<opset="quant_table_addr/4 "/>
</bind>
</comp>

<comp id="225" class="1004" name="grp_access_fu_225">
<pin_list>
<pin id="226" dir="0" index="0" bw="8" slack="0"/>
<pin id="227" dir="0" index="1" bw="7" slack="2147483647"/>
<pin id="228" dir="0" index="2" bw="0" slack="0"/>
<pin id="238" dir="0" index="4" bw="8" slack="2147483647"/>
<pin id="239" dir="0" index="5" bw="7" slack="0"/>
<pin id="240" dir="0" index="6" bw="0" slack="2147483647"/>
<pin id="250" dir="0" index="8" bw="8" slack="2147483647"/>
<pin id="251" dir="0" index="9" bw="7" slack="2147483647"/>
<pin id="252" dir="0" index="10" bw="0" slack="2147483647"/>
<pin id="229" dir="1" index="3" bw="7" slack="0"/>
<pin id="241" dir="1" index="7" bw="7" slack="0"/>
<pin id="253" dir="1" index="11" bw="7" slack="0"/>
</pin_list>
<bind>
<opcode="load(27) " fcode="load"/>
<opset="tmp/4 tmp_11/4 tmp_13/4 "/>
</bind>
</comp>

<comp id="231" class="1004" name="quant_table_addr_1_gep_fu_231">
<pin_list>
<pin id="232" dir="0" index="0" bw="7" slack="0"/>
<pin id="233" dir="0" index="1" bw="1" slack="0"/>
<pin id="234" dir="0" index="2" bw="8" slack="0"/>
<pin id="235" dir="1" index="3" bw="8" slack="0"/>
</pin_list>
<bind>
<opcode="getelementptr(29) " fcode="getelementptr"/>
<opset="quant_table_addr_1/4 "/>
</bind>
</comp>

<comp id="243" class="1004" name="quant_table_addr_2_gep_fu_243">
<pin_list>
<pin id="244" dir="0" index="0" bw="7" slack="0"/>
<pin id="245" dir="0" index="1" bw="1" slack="0"/>
<pin id="246" dir="0" index="2" bw="8" slack="0"/>
<pin id="247" dir="1" index="3" bw="8" slack="0"/>
</pin_list>
<bind>
<opcode="getelementptr(29) " fcode="getelementptr"/>
<opset="quant_table_addr_2/4 "/>
</bind>
</comp>

<comp id="255" class="1005" name="i_0_reg_255">
<pin_list>
<pin id="256" dir="0" index="0" bw="9" slack="1"/>
<pin id="257" dir="1" index="1" bw="9" slack="1"/>
</pin_list>
<bind>
<opset="i_0 (phireg) "/>
</bind>
</comp>

<comp id="259" class="1004" name="i_0_phi_fu_259">
<pin_list>
<pin id="260" dir="0" index="0" bw="1" slack="1"/>
<pin id="261" dir="0" index="1" bw="0" slack="2147483647"/>
<pin id="262" dir="0" index="2" bw="9" slack="0"/>
<pin id="263" dir="0" index="3" bw="0" slack="2147483647"/>
<pin id="264" dir="1" index="4" bw="9" slack="0"/>
</pin_list>
<bind>
<opcode="phi(47) " fcode="phi"/>
<opset="i_0/2 "/>
</bind>
</comp>

<comp id="266" class="1005" name="j_0_reg_266">
<pin_list>
<pin id="267" dir="0" index="0" bw="9" slack="1"/>
<pin id="268" dir="1" index="1" bw="9" slack="1"/>
</pin_list>
<bind>
<opset="j_0 (phireg) "/>
</bind>
</comp>

<comp id="270" class="1004" name="j_0_phi_fu_270">
<pin_list>
<pin id="271" dir="0" index="0" bw="1" slack="1"/>
<pin id="272" dir="0" index="1" bw="0" slack="2147483647"/>
<pin id="273" dir="0" index="2" bw="9" slack="0"/>
<pin id="274" dir="0" index="3" bw="0" slack="2147483647"/>
<pin id="275" dir="1" index="4" bw="9" slack="0"/>
</pin_list>
<bind>
<opcode="phi(47) " fcode="phi"/>
<opset="j_0/3 "/>
</bind>
</comp>

<comp id="277" class="1004" name="icmp_ln27_fu_277">
<pin_list>
<pin id="278" dir="0" index="0" bw="9" slack="0"/>
<pin id="279" dir="0" index="1" bw="9" slack="0"/>
<pin id="280" dir="1" index="2" bw="1" slack="1"/>
</pin_list>
<bind>
<opcode="icmp(45) " fcode="icmp"/>
<opset="icmp_ln27/2 "/>
</bind>
</comp>

<comp id="283" class="1004" name="i_fu_283">
<pin_list>
<pin id="284" dir="0" index="0" bw="9" slack="0"/>
<pin id="285" dir="0" index="1" bw="1" slack="0"/>
<pin id="286" dir="1" index="2" bw="9" slack="0"/>
</pin_list>
<bind>
<opcode="add(8) " fcode="add"/>
<opset="i/2 "/>
</bind>
</comp>

<comp id="289" class="1004" name="icmp_ln29_fu_289">
<pin_list>
<pin id="290" dir="0" index="0" bw="9" slack="0"/>
<pin id="291" dir="0" index="1" bw="8" slack="0"/>
<pin id="292" dir="1" index="2" bw="1" slack="1"/>
</pin_list>
<bind>
<opcode="icmp(45) " fcode="icmp"/>
<opset="icmp_ln29/3 "/>
</bind>
</comp>

<comp id="295" class="1004" name="j_fu_295">
<pin_list>
<pin id="296" dir="0" index="0" bw="9" slack="0"/>
<pin id="297" dir="0" index="1" bw="1" slack="0"/>
<pin id="298" dir="1" index="2" bw="9" slack="0"/>
</pin_list>
<bind>
<opcode="add(8) " fcode="add"/>
<opset="j/3 "/>
</bind>
</comp>

<comp id="301" class="1004" name="zext_ln33_fu_301">
<pin_list>
<pin id="302" dir="0" index="0" bw="8" slack="0"/>
<pin id="303" dir="1" index="1" bw="64" slack="0"/>
</pin_list>
<bind>
<opcode="zext(34) " fcode="zext"/>
<opset="zext_ln33/4 "/>
</bind>
</comp>

<comp id="306" class="1004" name="zext_ln34_fu_306">
<pin_list>
<pin id="307" dir="0" index="0" bw="8" slack="0"/>
<pin id="308" dir="1" index="1" bw="64" slack="0"/>
</pin_list>
<bind>
<opcode="zext(34) " fcode="zext"/>
<opset="zext_ln34/4 "/>
</bind>
</comp>

<comp id="311" class="1004" name="zext_ln35_fu_311">
<pin_list>
<pin id="312" dir="0" index="0" bw="8" slack="0"/>
<pin id="313" dir="1" index="1" bw="64" slack="0"/>
</pin_list>
<bind>
<opcode="zext(34) " fcode="zext"/>
<opset="zext_ln35/4 "/>
</bind>
</comp>

<comp id="316" class="1004" name="tmp_10_fu_316">
<pin_list>
<pin id="317" dir="0" index="0" bw="7" slack="0"/>
<pin id="318" dir="1" index="1" bw="8" slack="0"/>
</pin_list>
<bind>
<opcode="zext(34) " fcode="zext"/>
<opset="tmp_10/5 "/>
</bind>
</comp>

<comp id="321" class="1004" name="tmp_12_fu_321">
<pin_list>
<pin id="322" dir="0" index="0" bw="7" slack="0"/>
<pin id="323" dir="1" index="1" bw="8" slack="0"/>
</pin_list>
<bind>
<opcode="zext(34) " fcode="zext"/>
<opset="tmp_12/5 "/>
</bind>
</comp>

<comp id="326" class="1004" name="tmp_14_fu_326">
<pin_list>
<pin id="327" dir="0" index="0" bw="7" slack="0"/>
<pin id="328" dir="1" index="1" bw="8" slack="0"/>
</pin_list>
<bind>
<opcode="zext(34) " fcode="zext"/>
<opset="tmp_14/5 "/>
</bind>
</comp>

<comp id="332" class="1005" name="icmp_ln27_reg_332">
<pin_list>
<pin id="333" dir="0" index="0" bw="1" slack="1"/>
<pin id="334" dir="1" index="1" bw="1" slack="2147483647"/>
</pin_list>
<bind>
<opset="icmp_ln27 "/>
</bind>
</comp>

<comp id="336" class="1005" name="i_reg_336">
<pin_list>
<pin id="337" dir="0" index="0" bw="9" slack="0"/>
<pin id="338" dir="1" index="1" bw="9" slack="0"/>
</pin_list>
<bind>
<opset="i "/>
</bind>
</comp>

<comp id="341" class="1005" name="icmp_ln29_reg_341">
<pin_list>
<pin id="342" dir="0" index="0" bw="1" slack="1"/>
<pin id="343" dir="1" index="1" bw="1" slack="2147483647"/>
</pin_list>
<bind>
<opset="icmp_ln29 "/>
</bind>
</comp>

<comp id="345" class="1005" name="j_reg_345">
<pin_list>
<pin id="346" dir="0" index="0" bw="9" slack="0"/>
<pin id="347" dir="1" index="1" bw="9" slack="0"/>
</pin_list>
<bind>
<opset="j "/>
</bind>
</comp>

<comp id="350" class="1005" name="quant_table_addr_reg_350">
<pin_list>
<pin id="351" dir="0" index="0" bw="8" slack="1"/>
<pin id="352" dir="1" index="1" bw="8" slack="1"/>
</pin_list>
<bind>
<opset="quant_table_addr "/>
</bind>
</comp>

<comp id="355" class="1005" name="quant_table_addr_1_reg_355">
<pin_list>
<pin id="356" dir="0" index="0" bw="8" slack="1"/>
<pin id="357" dir="1" index="1" bw="8" slack="1"/>
</pin_list>
<bind>
<opset="quant_table_addr_1 "/>
</bind>
</comp>

<comp id="360" class="1005" name="quant_table_addr_2_reg_360">
<pin_list>
<pin id="361" dir="0" index="0" bw="8" slack="1"/>
<pin id="362" dir="1" index="1" bw="8" slack="1"/>
</pin_list>
<bind>
<opset="quant_table_addr_2 "/>
</bind>
</comp>

</comp_list>

<net_list>
<net id="170"><net_src comp="150" pin="0"/><net_sink comp="166" pin=0"/></net>

<net id="171"><net_src comp="0" pin="0"/><net_sink comp="166" pin=1"/></net>

<net id="176"><net_src comp="150" pin="0"/><net_sink comp="172" pin=0"/></net>

<net id="177"><net_src comp="2" pin="0"/><net_sink comp="172" pin=1"/></net>

<net id="182"><net_src comp="150" pin="0"/><net_sink comp="178" pin=0"/></net>

<net id="183"><net_src comp="4" pin="0"/><net_sink comp="178" pin=1"/></net>

<net id="188"><net_src comp="150" pin="0"/><net_sink comp="184" pin=0"/></net>

<net id="189"><net_src comp="6" pin="0"/><net_sink comp="184" pin=1"/></net>

<net id="195"><net_src comp="164" pin="0"/><net_sink comp="190" pin=0"/></net>

<net id="196"><net_src comp="8" pin="0"/><net_sink comp="190" pin=1"/></net>

<net id="202"><net_src comp="164" pin="0"/><net_sink comp="197" pin=0"/></net>

<net id="203"><net_src comp="10" pin="0"/><net_sink comp="197" pin=1"/></net>

<net id="209"><net_src comp="164" pin="0"/><net_sink comp="204" pin=0"/></net>

<net id="210"><net_src comp="12" pin="0"/><net_sink comp="204" pin=1"/></net>

<net id="216"><net_src comp="164" pin="0"/><net_sink comp="211" pin=0"/></net>

<net id="217"><net_src comp="14" pin="0"/><net_sink comp="211" pin=1"/></net>

<net id="223"><net_src comp="16" pin="0"/><net_sink comp="218" pin=0"/></net>

<net id="224"><net_src comp="154" pin="0"/><net_sink comp="218" pin=1"/></net>

<net id="230"><net_src comp="218" pin="3"/><net_sink comp="225" pin=0"/></net>

<net id="236"><net_src comp="16" pin="0"/><net_sink comp="231" pin=0"/></net>

<net id="237"><net_src comp="154" pin="0"/><net_sink comp="231" pin=1"/></net>

<net id="242"><net_src comp="231" pin="3"/><net_sink comp="225" pin=2"/></net>

<net id="248"><net_src comp="16" pin="0"/><net_sink comp="243" pin=0"/></net>

<net id="249"><net_src comp="154" pin="0"/><net_sink comp="243" pin=1"/></net>

<net id="254"><net_src comp="243" pin="3"/><net_sink comp="225" pin=5"/></net>

<net id="258"><net_src comp="124" pin="0"/><net_sink comp="255" pin=0"/></net>

<net id="265"><net_src comp="255" pin="1"/><net_sink comp="259" pin=0"/></net>

<net id="269"><net_src comp="124" pin="0"/><net_sink comp="266" pin=0"/></net>

<net id="276"><net_src comp="266" pin="1"/><net_sink comp="270" pin=0"/></net>

<net id="281"><net_src comp="259" pin="4"/><net_sink comp="277" pin=0"/></net>

<net id="282"><net_src comp="126" pin="0"/><net_sink comp="277" pin=1"/></net>

<net id="287"><net_src comp="259" pin="4"/><net_sink comp="283" pin=0"/></net>

<net id="288"><net_src comp="132" pin="0"/><net_sink comp="283" pin=1"/></net>

<net id="293"><net_src comp="270" pin="4"/><net_sink comp="289" pin=0"/></net>

<net id="294"><net_src comp="140" pin="0"/><net_sink comp="289" pin=1"/></net>

<net id="299"><net_src comp="270" pin="4"/><net_sink comp="295" pin=0"/></net>

<net id="300"><net_src comp="132" pin="0"/><net_sink comp="295" pin=1"/></net>

<net id="304"><net_src comp="166" pin="2"/><net_sink comp="301" pin=0"/></net>

<net id="305"><net_src comp="301" pin="1"/><net_sink comp="218" pin=2"/></net>

<net id="309"><net_src comp="172" pin="2"/><net_sink comp="306" pin=0"/></net>

<net id="310"><net_src comp="306" pin="1"/><net_sink comp="231" pin=2"/></net>

<net id="314"><net_src comp="178" pin="2"/><net_sink comp="311" pin=0"/></net>

<net id="315"><net_src comp="311" pin="1"/><net_sink comp="243" pin=2"/></net>

<net id="319"><net_src comp="225" pin="3"/><net_sink comp="316" pin=0"/></net>

<net id="320"><net_src comp="316" pin="1"/><net_sink comp="190" pin=2"/></net>

<net id="324"><net_src comp="225" pin="7"/><net_sink comp="321" pin=0"/></net>

<net id="325"><net_src comp="321" pin="1"/><net_sink comp="197" pin=2"/></net>

<net id="329"><net_src comp="225" pin="11"/><net_sink comp="326" pin=0"/></net>

<net id="330"><net_src comp="326" pin="1"/><net_sink comp="204" pin=2"/></net>

<net id="331"><net_src comp="326" pin="1"/><net_sink comp="211" pin=2"/></net>

<net id="335"><net_src comp="277" pin="2"/><net_sink comp="332" pin=0"/></net>

<net id="339"><net_src comp="283" pin="2"/><net_sink comp="336" pin=0"/></net>

<net id="340"><net_src comp="336" pin="1"/><net_sink comp="259" pin=2"/></net>

<net id="344"><net_src comp="289" pin="2"/><net_sink comp="341" pin=0"/></net>

<net id="348"><net_src comp="295" pin="2"/><net_sink comp="345" pin=0"/></net>

<net id="349"><net_src comp="345" pin="1"/><net_sink comp="270" pin=2"/></net>

<net id="353"><net_src comp="218" pin="3"/><net_sink comp="350" pin=0"/></net>

<net id="354"><net_src comp="350" pin="1"/><net_sink comp="225" pin=0"/></net>

<net id="358"><net_src comp="231" pin="3"/><net_sink comp="355" pin=0"/></net>

<net id="359"><net_src comp="355" pin="1"/><net_sink comp="225" pin=2"/></net>

<net id="363"><net_src comp="243" pin="3"/><net_sink comp="360" pin=0"/></net>

<net id="364"><net_src comp="360" pin="1"/><net_sink comp="225" pin=5"/></net>

</net_list>

</model> 
---------------- Datapath Model END ------------------

* FSMD analyzer results:
  - Output states:
	Port: dst_data_stream_0_V | {5 }
	Port: dst_data_stream_1_V | {5 }
	Port: dst_data_stream_2_V | {5 }
	Port: dst_data_stream_3_V | {5 }
 - Input state : 
	Port: Convert : src_data_stream_0_V | {4 }
	Port: Convert : src_data_stream_1_V | {4 }
	Port: Convert : src_data_stream_2_V | {4 }
	Port: Convert : src_data_stream_3_V | {4 }
	Port: Convert : quant_table | {4 5 }
  - Chain level:
	State 1
	State 2
		icmp_ln27 : 1
		i : 1
		br_ln27 : 2
	State 3
		icmp_ln29 : 1
		j : 1
		br_ln29 : 2
	State 4
		empty_40 : 1
		quant_table_addr : 1
		tmp : 2
		quant_table_addr_1 : 1
		tmp_11 : 2
		quant_table_addr_2 : 1
		tmp_13 : 2
	State 5
		tmp_10 : 1
		tmp_12 : 1
		tmp_14 : 1
		write_ln703 : 2
		write_ln703 : 2
		write_ln703 : 2
		write_ln703 : 2
		empty_41 : 1
		empty_42 : 1
	State 6


============================================================
+ Verbose Summary: Datapath Resource usage 
============================================================

* Functional unit list:
|----------|--------------------------|---------|---------|
| Operation|      Functional Unit     |    FF   |   LUT   |
|----------|--------------------------|---------|---------|
|    add   |         i_fu_283         |    0    |    16   |
|          |         j_fu_295         |    0    |    16   |
|----------|--------------------------|---------|---------|
|   icmp   |     icmp_ln27_fu_277     |    0    |    13   |
|          |     icmp_ln29_fu_289     |    0    |    13   |
|----------|--------------------------|---------|---------|
|          |    tmp_15_read_fu_166    |    0    |    0    |
|   read   |    tmp_16_read_fu_172    |    0    |    0    |
|          |    tmp_17_read_fu_178    |    0    |    0    |
|          |     empty_read_fu_184    |    0    |    0    |
|----------|--------------------------|---------|---------|
|          | write_ln703_write_fu_190 |    0    |    0    |
|   write  | write_ln703_write_fu_197 |    0    |    0    |
|          | write_ln703_write_fu_204 |    0    |    0    |
|          | write_ln703_write_fu_211 |    0    |    0    |
|----------|--------------------------|---------|---------|
|          |     zext_ln33_fu_301     |    0    |    0    |
|          |     zext_ln34_fu_306     |    0    |    0    |
|   zext   |     zext_ln35_fu_311     |    0    |    0    |
|          |       tmp_10_fu_316      |    0    |    0    |
|          |       tmp_12_fu_321      |    0    |    0    |
|          |       tmp_14_fu_326      |    0    |    0    |
|----------|--------------------------|---------|---------|
|   Total  |                          |    0    |    58   |
|----------|--------------------------|---------|---------|

Memories:
N/A

* Register list:
+--------------------------+--------+
|                          |   FF   |
+--------------------------+--------+
|        i_0_reg_255       |    9   |
|         i_reg_336        |    9   |
|     icmp_ln27_reg_332    |    1   |
|     icmp_ln29_reg_341    |    1   |
|        j_0_reg_266       |    9   |
|         j_reg_345        |    9   |
|quant_table_addr_1_reg_355|    8   |
|quant_table_addr_2_reg_360|    8   |
| quant_table_addr_reg_350 |    8   |
+--------------------------+--------+
|           Total          |   62   |
+--------------------------+--------+

* Multiplexer (MUX) list: 
|-------------------|------|------|------|--------||---------||---------|
|        Comp       |  Pin | Size |  BW  | S x BW ||  Delay  ||   LUT   |
|-------------------|------|------|------|--------||---------||---------|
| grp_access_fu_225 |  p0  |   2  |   8  |   16   ||    9    |
| grp_access_fu_225 |  p2  |   2  |   0  |    0   ||    9    |
| grp_access_fu_225 |  p5  |   2  |   7  |   14   ||    9    |
|-------------------|------|------|------|--------||---------||---------|
|       Total       |      |      |      |   30   ||  2.265  ||    27   |
|-------------------|------|------|------|--------||---------||---------|



* Summary:
+-----------+--------+--------+--------+
|           |  Delay |   FF   |   LUT  |
+-----------+--------+--------+--------+
|  Function |    -   |    0   |   58   |
|   Memory  |    -   |    -   |    -   |
|Multiplexer|    2   |    -   |   27   |
|  Register |    -   |   62   |    -   |
+-----------+--------+--------+--------+
|   Total   |    2   |   62   |   85   |
+-----------+--------+--------+--------+
