

================================================================
== Vivado HLS Report for 'Add_Char1'
================================================================
* Date:           Fri Aug 20 09:07:31 2021

* Version:        2019.2 (Build 2704478 on Wed Nov 06 22:10:23 MST 2019)
* Project:        hls_rect
* Solution:       solution1
* Product family: zynquplus
* Target device:  xczu3eg-sfvc784-1-e


================================================================
== Performance Estimates
================================================================
+ Timing: 
    * Summary: 
    +--------+---------+----------+------------+
    |  Clock |  Target | Estimated| Uncertainty|
    +--------+---------+----------+------------+
    |ap_clk  | 4.00 ns | 3.500 ns |   0.50 ns  |
    +--------+---------+----------+------------+

+ Latency: 
    * Summary: 
    +---------+---------+----------+----------+--------+--------+---------+
    |  Latency (cycles) |  Latency (absolute) |     Interval    | Pipeline|
    |   min   |   max   |    min   |    max   |   min  |   max  |   Type  |
    +---------+---------+----------+----------+--------+--------+---------+
    |   925201|   925201| 3.701 ms | 3.701 ms |  925201|  925201|   none  |
    +---------+---------+----------+----------+--------+--------+---------+

    + Detail: 
        * Instance: 
        N/A

        * Loop: 
        +----------+---------+---------+----------+-----------+-----------+------+----------+
        |          |  Latency (cycles) | Iteration|  Initiation Interval  | Trip |          |
        | Loop Name|   min   |   max   |  Latency |  achieved |   target  | Count| Pipelined|
        +----------+---------+---------+----------+-----------+-----------+------+----------+
        |- ROWS    |   925200|   925200|      1285|          -|          -|   720|    no    |
        | + COLS   |     1281|     1281|         3|          1|          1|  1280|    yes   |
        +----------+---------+---------+----------+-----------+-----------+------+----------+

============================================================
+ Verbose Summary: Synthesis Manager
============================================================
InlineROM: 1
ExposeGlobal: 0
============================================================
+ Verbose Summary: CDFG Model
============================================================
IsTopModel: 0
ResetActiveHigh: 1
IsCombinational: 2
IsDatapathOnly: 0
HasWiredReturn: 1
HasMFsm: 0
HasVarLatency: 1
IsPipeline: 0
IsRtlPipelined: 0
IsInstanceOverlapped: 0
IsDontTouch: 0
HasImplIP: 0
IsGatedGlobalClock: 0

+ Individual pipeline summary: 
  * Pipeline-0: initiation interval (II) = 1, depth = 3


============================================================
+ Verbose Summary: Schedule
============================================================
* Number of FSM states : 7
* Pipeline : 1
  Pipeline-0 : II = 1, D = 3, States = { 4 5 6 }
* Dataflow Pipeline: 0

* FSM state transitions: 
1 --> 2 
2 --> 3 
3 --> 4 
4 --> 7 5 
5 --> 6 
6 --> 4 
7 --> 2 

* FSM state operations: 

State 1 <SV = 0> <Delay = 3.50>
ST_1 : Operation 8 [1/1] (0.00ns)   --->   "call void (...)* @_ssdm_op_SpecInterface(i8* %dst_data_stream_3_V, [8 x i8]* @ap_fifo_str, i32 0, i32 0, [1 x i8]* @p_str148, i32 0, i32 0, [1 x i8]* @p_str149, [1 x i8]* @p_str150, [1 x i8]* @p_str151, i32 2, i32 2, i32 16, i32 16, [1 x i8]* @p_str152, [1 x i8]* @p_str153)"   --->   Operation 8 'specinterface' <Predicate = true> <Delay = 0.00>
ST_1 : Operation 9 [1/1] (0.00ns)   --->   "call void (...)* @_ssdm_op_SpecInterface(i8* %dst_data_stream_2_V, [8 x i8]* @ap_fifo_str, i32 0, i32 0, [1 x i8]* @p_str141, i32 0, i32 0, [1 x i8]* @p_str142, [1 x i8]* @p_str143, [1 x i8]* @p_str144, i32 2, i32 2, i32 16, i32 16, [1 x i8]* @p_str145, [1 x i8]* @p_str146)"   --->   Operation 9 'specinterface' <Predicate = true> <Delay = 0.00>
ST_1 : Operation 10 [1/1] (0.00ns)   --->   "call void (...)* @_ssdm_op_SpecInterface(i8* %dst_data_stream_1_V, [8 x i8]* @ap_fifo_str, i32 0, i32 0, [1 x i8]* @p_str134, i32 0, i32 0, [1 x i8]* @p_str135, [1 x i8]* @p_str136, [1 x i8]* @p_str137, i32 2, i32 2, i32 16, i32 16, [1 x i8]* @p_str138, [1 x i8]* @p_str139)"   --->   Operation 10 'specinterface' <Predicate = true> <Delay = 0.00>
ST_1 : Operation 11 [1/1] (0.00ns)   --->   "call void (...)* @_ssdm_op_SpecInterface(i8* %dst_data_stream_0_V, [8 x i8]* @ap_fifo_str, i32 0, i32 0, [1 x i8]* @p_str127, i32 0, i32 0, [1 x i8]* @p_str128, [1 x i8]* @p_str129, [1 x i8]* @p_str130, i32 2, i32 2, i32 16, i32 16, [1 x i8]* @p_str131, [1 x i8]* @p_str132)"   --->   Operation 11 'specinterface' <Predicate = true> <Delay = 0.00>
ST_1 : Operation 12 [1/1] (0.00ns)   --->   "call void (...)* @_ssdm_op_SpecInterface(i8* %src_data_stream_3_V, [8 x i8]* @ap_fifo_str, i32 0, i32 0, [1 x i8]* @p_str120, i32 0, i32 0, [1 x i8]* @p_str121, [1 x i8]* @p_str122, [1 x i8]* @p_str123, i32 2, i32 2, i32 16, i32 16, [1 x i8]* @p_str124, [1 x i8]* @p_str125)"   --->   Operation 12 'specinterface' <Predicate = true> <Delay = 0.00>
ST_1 : Operation 13 [1/1] (0.00ns)   --->   "call void (...)* @_ssdm_op_SpecInterface(i8* %src_data_stream_2_V, [8 x i8]* @ap_fifo_str, i32 0, i32 0, [1 x i8]* @p_str113, i32 0, i32 0, [1 x i8]* @p_str114, [1 x i8]* @p_str115, [1 x i8]* @p_str116, i32 2, i32 2, i32 16, i32 16, [1 x i8]* @p_str117, [1 x i8]* @p_str118)"   --->   Operation 13 'specinterface' <Predicate = true> <Delay = 0.00>
ST_1 : Operation 14 [1/1] (0.00ns)   --->   "call void (...)* @_ssdm_op_SpecInterface(i8* %src_data_stream_1_V, [8 x i8]* @ap_fifo_str, i32 0, i32 0, [1 x i8]* @p_str106, i32 0, i32 0, [1 x i8]* @p_str107, [1 x i8]* @p_str108, [1 x i8]* @p_str109, i32 2, i32 2, i32 16, i32 16, [1 x i8]* @p_str110, [1 x i8]* @p_str111)"   --->   Operation 14 'specinterface' <Predicate = true> <Delay = 0.00>
ST_1 : Operation 15 [1/1] (0.00ns)   --->   "call void (...)* @_ssdm_op_SpecInterface(i8* %src_data_stream_0_V, [8 x i8]* @ap_fifo_str, i32 0, i32 0, [1 x i8]* @p_str99, i32 0, i32 0, [1 x i8]* @p_str100, [1 x i8]* @p_str101, [1 x i8]* @p_str102, i32 2, i32 2, i32 16, i32 16, [1 x i8]* @p_str103, [1 x i8]* @p_str104)"   --->   Operation 15 'specinterface' <Predicate = true> <Delay = 0.00>
ST_1 : Operation 16 [1/1] (0.00ns)   --->   "call void (...)* @_ssdm_op_SpecInterface(i8* %color3, [8 x i8]* @ap_fifo_str, i32 0, i32 0, [1 x i8]* @p_str667, i32 0, i32 0, [1 x i8]* @p_str668, [1 x i8]* @p_str669, [1 x i8]* @p_str670, i32 2, i32 2, i32 16, i32 16, [1 x i8]* @p_str671, [11 x i8]* @ScalarProp_str)"   --->   Operation 16 'specinterface' <Predicate = true> <Delay = 0.00>
ST_1 : Operation 17 [1/1] (0.00ns)   --->   "call void (...)* @_ssdm_op_SpecInterface(i8* %color2, [8 x i8]* @ap_fifo_str, i32 0, i32 0, [1 x i8]* @p_str662, i32 0, i32 0, [1 x i8]* @p_str663, [1 x i8]* @p_str664, [1 x i8]* @p_str665, i32 2, i32 2, i32 16, i32 16, [1 x i8]* @p_str666, [11 x i8]* @ScalarProp_str)"   --->   Operation 17 'specinterface' <Predicate = true> <Delay = 0.00>
ST_1 : Operation 18 [1/1] (0.00ns)   --->   "call void (...)* @_ssdm_op_SpecInterface(i8* %color1, [8 x i8]* @ap_fifo_str, i32 0, i32 0, [1 x i8]* @p_str657, i32 0, i32 0, [1 x i8]* @p_str658, [1 x i8]* @p_str659, [1 x i8]* @p_str660, i32 2, i32 2, i32 16, i32 16, [1 x i8]* @p_str661, [11 x i8]* @ScalarProp_str)"   --->   Operation 18 'specinterface' <Predicate = true> <Delay = 0.00>
ST_1 : Operation 19 [1/1] (0.00ns)   --->   "call void (...)* @_ssdm_op_SpecInterface(i8* %chr, [8 x i8]* @ap_fifo_str, i32 0, i32 0, [1 x i8]* @p_str652, i32 0, i32 0, [1 x i8]* @p_str653, [1 x i8]* @p_str654, [1 x i8]* @p_str655, i32 2, i32 2, i32 16, i32 16, [1 x i8]* @p_str656, [11 x i8]* @ScalarProp_str)"   --->   Operation 19 'specinterface' <Predicate = true> <Delay = 0.00>
ST_1 : Operation 20 [1/1] (0.00ns)   --->   "call void (...)* @_ssdm_op_SpecInterface(i16* %y, [8 x i8]* @ap_fifo_str, i32 0, i32 0, [1 x i8]* @p_str647, i32 0, i32 0, [1 x i8]* @p_str648, [1 x i8]* @p_str649, [1 x i8]* @p_str650, i32 2, i32 2, i32 16, i32 16, [1 x i8]* @p_str651, [11 x i8]* @ScalarProp_str)"   --->   Operation 20 'specinterface' <Predicate = true> <Delay = 0.00>
ST_1 : Operation 21 [1/1] (0.00ns)   --->   "call void (...)* @_ssdm_op_SpecInterface(i16* %x, [8 x i8]* @ap_fifo_str, i32 0, i32 0, [1 x i8]* @p_str642, i32 0, i32 0, [1 x i8]* @p_str643, [1 x i8]* @p_str644, [1 x i8]* @p_str645, i32 2, i32 2, i32 16, i32 16, [1 x i8]* @p_str646, [11 x i8]* @ScalarProp_str)"   --->   Operation 21 'specinterface' <Predicate = true> <Delay = 0.00>
ST_1 : Operation 22 [1/1] (1.75ns)   --->   "%x_read = call i16 @_ssdm_op_Read.ap_fifo.i16P(i16* %x)" [top.cpp:86]   --->   Operation 22 'read' 'x_read' <Predicate = true> <Delay = 1.75> <Core = "FIFO">   --->   Core 32 'FIFO' <Latency = 0> <II = 1> <Delay = 2.16> <Storage> <Opcode : 'read' 'write' 'nbread' 'nbwrite'> <Ports = 0> <Width = 8> <Depth = 2> <FIFO>
ST_1 : Operation 23 [1/1] (1.75ns)   --->   "%y_read = call i16 @_ssdm_op_Read.ap_fifo.i16P(i16* %y)" [top.cpp:86]   --->   Operation 23 'read' 'y_read' <Predicate = true> <Delay = 1.75> <Core = "FIFO">   --->   Core 32 'FIFO' <Latency = 0> <II = 1> <Delay = 2.16> <Storage> <Opcode : 'read' 'write' 'nbread' 'nbwrite'> <Ports = 0> <Width = 8> <Depth = 2> <FIFO>
ST_1 : Operation 24 [1/1] (1.75ns)   --->   "%chr_read = call i8 @_ssdm_op_Read.ap_fifo.i8P(i8* %chr)" [top.cpp:86]   --->   Operation 24 'read' 'chr_read' <Predicate = true> <Delay = 1.75> <Core = "FIFO">   --->   Core 32 'FIFO' <Latency = 0> <II = 1> <Delay = 2.16> <Storage> <Opcode : 'read' 'write' 'nbread' 'nbwrite'> <Ports = 0> <Width = 8> <Depth = 2> <FIFO>
ST_1 : Operation 25 [1/1] (1.75ns)   --->   "%markpix_val_0 = call i8 @_ssdm_op_Read.ap_fifo.i8P(i8* %color1)" [D:/Programs/Xilinx/Vivado/2019.2/common/technology/autopilot/hls/hls_video_core.h:199->D:/Programs/Xilinx/Vivado/2019.2/common/technology/autopilot/hls/hls_video_core.h:200->top.cpp:89]   --->   Operation 25 'read' 'markpix_val_0' <Predicate = true> <Delay = 1.75> <Core = "FIFO">   --->   Core 32 'FIFO' <Latency = 0> <II = 1> <Delay = 2.16> <Storage> <Opcode : 'read' 'write' 'nbread' 'nbwrite'> <Ports = 0> <Width = 8> <Depth = 2> <FIFO>
ST_1 : Operation 26 [1/1] (1.75ns)   --->   "%markpix_val_1 = call i8 @_ssdm_op_Read.ap_fifo.i8P(i8* %color2)" [D:/Programs/Xilinx/Vivado/2019.2/common/technology/autopilot/hls/hls_video_core.h:199->D:/Programs/Xilinx/Vivado/2019.2/common/technology/autopilot/hls/hls_video_core.h:200->top.cpp:89]   --->   Operation 26 'read' 'markpix_val_1' <Predicate = true> <Delay = 1.75> <Core = "FIFO">   --->   Core 32 'FIFO' <Latency = 0> <II = 1> <Delay = 2.16> <Storage> <Opcode : 'read' 'write' 'nbread' 'nbwrite'> <Ports = 0> <Width = 8> <Depth = 2> <FIFO>
ST_1 : Operation 27 [1/1] (1.75ns)   --->   "%markpix_val_2 = call i8 @_ssdm_op_Read.ap_fifo.i8P(i8* %color3)" [D:/Programs/Xilinx/Vivado/2019.2/common/technology/autopilot/hls/hls_video_core.h:199->D:/Programs/Xilinx/Vivado/2019.2/common/technology/autopilot/hls/hls_video_core.h:200->top.cpp:89]   --->   Operation 27 'read' 'markpix_val_2' <Predicate = true> <Delay = 1.75> <Core = "FIFO">   --->   Core 32 'FIFO' <Latency = 0> <II = 1> <Delay = 2.16> <Storage> <Opcode : 'read' 'write' 'nbread' 'nbwrite'> <Ports = 0> <Width = 8> <Depth = 2> <FIFO>
ST_1 : Operation 28 [1/1] (0.00ns)   --->   "call void (...)* @_ssdm_op_SpecInterface(i16* %y_out, [8 x i8]* @ap_fifo_str, i32 0, i32 0, [1 x i8]* @p_str672, i32 0, i32 0, [1 x i8]* @p_str673, [1 x i8]* @p_str674, [1 x i8]* @p_str675, i32 2, i32 2, i32 16, i32 16, [1 x i8]* @p_str676, [11 x i8]* @ScalarProp_str)"   --->   Operation 28 'specinterface' <Predicate = true> <Delay = 0.00>
ST_1 : Operation 29 [1/1] (1.75ns)   --->   "call void @_ssdm_op_Write.ap_fifo.i16P(i16* %y_out, i16 %y_read)" [top.cpp:8]   --->   Operation 29 'write' <Predicate = true> <Delay = 1.75> <Core = "FIFO">   --->   Core 32 'FIFO' <Latency = 0> <II = 1> <Delay = 2.16> <Storage> <Opcode : 'read' 'write' 'nbread' 'nbwrite'> <Ports = 0> <Width = 8> <Depth = 2> <FIFO>
ST_1 : Operation 30 [1/1] (0.00ns)   --->   "call void (...)* @_ssdm_op_SpecInterface(i8* %color1_out, [8 x i8]* @ap_fifo_str, i32 0, i32 0, [1 x i8]* @p_str677, i32 0, i32 0, [1 x i8]* @p_str678, [1 x i8]* @p_str679, [1 x i8]* @p_str680, i32 2, i32 2, i32 16, i32 16, [1 x i8]* @p_str681, [11 x i8]* @ScalarProp_str)"   --->   Operation 30 'specinterface' <Predicate = true> <Delay = 0.00>
ST_1 : Operation 31 [1/1] (1.75ns)   --->   "call void @_ssdm_op_Write.ap_fifo.i8P(i8* %color1_out, i8 %markpix_val_0)" [top.cpp:8]   --->   Operation 31 'write' <Predicate = true> <Delay = 1.75> <Core = "FIFO">   --->   Core 32 'FIFO' <Latency = 0> <II = 1> <Delay = 2.16> <Storage> <Opcode : 'read' 'write' 'nbread' 'nbwrite'> <Ports = 0> <Width = 8> <Depth = 2> <FIFO>
ST_1 : Operation 32 [1/1] (0.00ns)   --->   "call void (...)* @_ssdm_op_SpecInterface(i8* %color2_out, [8 x i8]* @ap_fifo_str, i32 0, i32 0, [1 x i8]* @p_str682, i32 0, i32 0, [1 x i8]* @p_str683, [1 x i8]* @p_str684, [1 x i8]* @p_str685, i32 2, i32 2, i32 16, i32 16, [1 x i8]* @p_str686, [11 x i8]* @ScalarProp_str)"   --->   Operation 32 'specinterface' <Predicate = true> <Delay = 0.00>
ST_1 : Operation 33 [1/1] (1.75ns)   --->   "call void @_ssdm_op_Write.ap_fifo.i8P(i8* %color2_out, i8 %markpix_val_1)" [top.cpp:8]   --->   Operation 33 'write' <Predicate = true> <Delay = 1.75> <Core = "FIFO">   --->   Core 32 'FIFO' <Latency = 0> <II = 1> <Delay = 2.16> <Storage> <Opcode : 'read' 'write' 'nbread' 'nbwrite'> <Ports = 0> <Width = 8> <Depth = 2> <FIFO>
ST_1 : Operation 34 [1/1] (0.00ns)   --->   "call void (...)* @_ssdm_op_SpecInterface(i8* %color3_out, [8 x i8]* @ap_fifo_str, i32 0, i32 0, [1 x i8]* @p_str687, i32 0, i32 0, [1 x i8]* @p_str688, [1 x i8]* @p_str689, [1 x i8]* @p_str690, i32 2, i32 2, i32 16, i32 16, [1 x i8]* @p_str691, [11 x i8]* @ScalarProp_str)"   --->   Operation 34 'specinterface' <Predicate = true> <Delay = 0.00>
ST_1 : Operation 35 [1/1] (1.75ns)   --->   "call void @_ssdm_op_Write.ap_fifo.i8P(i8* %color3_out, i8 %markpix_val_2)" [top.cpp:8]   --->   Operation 35 'write' <Predicate = true> <Delay = 1.75> <Core = "FIFO">   --->   Core 32 'FIFO' <Latency = 0> <II = 1> <Delay = 2.16> <Storage> <Opcode : 'read' 'write' 'nbread' 'nbwrite'> <Ports = 0> <Width = 8> <Depth = 2> <FIFO>
ST_1 : Operation 36 [1/1] (0.85ns)   --->   "%icmp_ln99 = icmp eq i8 %chr_read, 26" [top.cpp:99->top.cpp:8]   --->   Operation 36 'icmp' 'icmp_ln99' <Predicate = true> <Delay = 0.85> <Core = "Cmp">   --->   Core 25 'Cmp' <Latency = 0> <II = 1> <Delay = 0.88> <FuncUnit> <Opcode : 'icmp'> <InPorts = 2> <OutPorts = 1>
ST_1 : Operation 37 [1/1] (0.00ns)   --->   "%zext_ln100 = zext i16 %y_read to i17" [top.cpp:100->top.cpp:8]   --->   Operation 37 'zext' 'zext_ln100' <Predicate = true> <Delay = 0.00>
ST_1 : Operation 38 [1/1] (1.01ns)   --->   "%add_ln100 = add i17 64, %zext_ln100" [top.cpp:100->top.cpp:8]   --->   Operation 38 'add' 'add_ln100' <Predicate = true> <Delay = 1.01> <Core = "AddSub">   --->   Core 14 'AddSub' <Latency = 0> <II = 1> <Delay = 0.94> <FuncUnit> <Opcode : 'add' 'sub'> <InPorts = 2> <OutPorts = 1>
ST_1 : Operation 39 [1/1] (0.00ns)   --->   "%trunc_ln103 = trunc i8 %chr_read to i6" [top.cpp:103->top.cpp:8]   --->   Operation 39 'trunc' 'trunc_ln103' <Predicate = true> <Delay = 0.00>
ST_1 : Operation 40 [1/1] (0.00ns)   --->   "%zext_ln102_cast = call i11 @_ssdm_op_BitConcatenate.i11.i6.i5(i6 %trunc_ln103, i5 0)" [top.cpp:103->top.cpp:8]   --->   Operation 40 'bitconcatenate' 'zext_ln102_cast' <Predicate = true> <Delay = 0.00>
ST_1 : Operation 41 [1/1] (0.00ns)   --->   "%zext_ln103 = zext i16 %x_read to i17" [top.cpp:103->top.cpp:8]   --->   Operation 41 'zext' 'zext_ln103' <Predicate = true> <Delay = 0.00>
ST_1 : Operation 42 [1/1] (1.01ns)   --->   "%add_ln103 = add i17 32, %zext_ln103" [top.cpp:103->top.cpp:8]   --->   Operation 42 'add' 'add_ln103' <Predicate = true> <Delay = 1.01> <Core = "AddSub">   --->   Core 14 'AddSub' <Latency = 0> <II = 1> <Delay = 0.94> <FuncUnit> <Opcode : 'add' 'sub'> <InPorts = 2> <OutPorts = 1>
ST_1 : Operation 43 [1/1] (0.75ns)   --->   "br label %0" [top.cpp:93->top.cpp:8]   --->   Operation 43 'br' <Predicate = true> <Delay = 0.75>

State 2 <SV = 1> <Delay = 3.31>
ST_2 : Operation 44 [1/1] (0.00ns)   --->   "%i_0_i = phi i10 [ 0, %entry ], [ %i, %ROWS_end ]"   --->   Operation 44 'phi' 'i_0_i' <Predicate = true> <Delay = 0.00>
ST_2 : Operation 45 [1/1] (0.00ns)   --->   "%zext_ln93 = zext i10 %i_0_i to i16" [top.cpp:93->top.cpp:8]   --->   Operation 45 'zext' 'zext_ln93' <Predicate = true> <Delay = 0.00>
ST_2 : Operation 46 [1/1] (0.85ns)   --->   "%icmp_ln93 = icmp eq i10 %i_0_i, -304" [top.cpp:93->top.cpp:8]   --->   Operation 46 'icmp' 'icmp_ln93' <Predicate = true> <Delay = 0.85> <Core = "Cmp">   --->   Core 25 'Cmp' <Latency = 0> <II = 1> <Delay = 0.88> <FuncUnit> <Opcode : 'icmp'> <InPorts = 2> <OutPorts = 1>
ST_2 : Operation 47 [1/1] (0.00ns)   --->   "call void (...)* @_ssdm_op_SpecLoopTripCount(i64 720, i64 720, i64 720)"   --->   Operation 47 'speclooptripcount' <Predicate = true> <Delay = 0.00>
ST_2 : Operation 48 [1/1] (0.93ns)   --->   "%i = add i10 %i_0_i, 1" [top.cpp:93->top.cpp:8]   --->   Operation 48 'add' 'i' <Predicate = true> <Delay = 0.93> <Core = "AddSub">   --->   Core 14 'AddSub' <Latency = 0> <II = 1> <Delay = 0.94> <FuncUnit> <Opcode : 'add' 'sub'> <InPorts = 2> <OutPorts = 1>
ST_2 : Operation 49 [1/1] (0.00ns)   --->   "br i1 %icmp_ln93, label %.exit, label %ROWS_begin" [top.cpp:93->top.cpp:8]   --->   Operation 49 'br' <Predicate = true> <Delay = 0.00>
ST_2 : Operation 50 [1/1] (0.86ns)   --->   "%icmp_ln100 = icmp ult i16 %zext_ln93, %y_read" [top.cpp:100->top.cpp:8]   --->   Operation 50 'icmp' 'icmp_ln100' <Predicate = (!icmp_ln93)> <Delay = 0.86> <Core = "Cmp">   --->   Core 25 'Cmp' <Latency = 0> <II = 1> <Delay = 0.88> <FuncUnit> <Opcode : 'icmp'> <InPorts = 2> <OutPorts = 1>
ST_2 : Operation 51 [1/1] (0.00ns)   --->   "%zext_ln101 = zext i10 %i_0_i to i17" [top.cpp:101->top.cpp:8]   --->   Operation 51 'zext' 'zext_ln101' <Predicate = (!icmp_ln93)> <Delay = 0.00>
ST_2 : Operation 52 [1/1] (1.01ns)   --->   "%sub_ln101 = sub i17 %zext_ln101, %zext_ln100" [top.cpp:101->top.cpp:8]   --->   Operation 52 'sub' 'sub_ln101' <Predicate = (!icmp_ln93)> <Delay = 1.01> <Core = "AddSub">   --->   Core 14 'AddSub' <Latency = 0> <II = 1> <Delay = 0.94> <FuncUnit> <Opcode : 'add' 'sub'> <InPorts = 2> <OutPorts = 1>
ST_2 : Operation 53 [1/1] (0.00ns)   --->   "%zext_ln102_1_cast = call i11 @_ssdm_op_PartSelect.i11.i17.i32.i32(i17 %sub_ln101, i32 1, i32 11)" [top.cpp:102->top.cpp:8]   --->   Operation 53 'partselect' 'zext_ln102_1_cast' <Predicate = (!icmp_ln93)> <Delay = 0.00>
ST_2 : Operation 54 [1/1] (0.94ns)   --->   "%add_ln102 = add i11 %zext_ln102_cast, %zext_ln102_1_cast" [top.cpp:102->top.cpp:8]   --->   Operation 54 'add' 'add_ln102' <Predicate = (!icmp_ln93)> <Delay = 0.94> <Core = "AddSub">   --->   Core 14 'AddSub' <Latency = 0> <II = 1> <Delay = 0.94> <FuncUnit> <Opcode : 'add' 'sub'> <InPorts = 2> <OutPorts = 1>
ST_2 : Operation 55 [1/1] (0.00ns)   --->   "%zext_ln102 = zext i11 %add_ln102 to i64" [top.cpp:102->top.cpp:8]   --->   Operation 55 'zext' 'zext_ln102' <Predicate = (!icmp_ln93)> <Delay = 0.00>
ST_2 : Operation 56 [1/1] (0.00ns)   --->   "%letter_addr = getelementptr [864 x i16]* @letter, i64 0, i64 %zext_ln102" [top.cpp:102->top.cpp:8]   --->   Operation 56 'getelementptr' 'letter_addr' <Predicate = (!icmp_ln93)> <Delay = 0.00>
ST_2 : Operation 57 [2/2] (1.35ns)   --->   "%p_Val2_s = load i16* %letter_addr, align 2" [top.cpp:102->top.cpp:8]   --->   Operation 57 'load' 'p_Val2_s' <Predicate = (!icmp_ln93)> <Delay = 1.35> <Core = "ROM_nP">   --->   Core 52 'ROM_nP' <Latency = 1> <II = 1> <Delay = 1.35> <Storage> <Opcode : 'load'> <Ports = 0> <Width = 16> <Depth = 864> <ROM>
ST_2 : Operation 58 [1/1] (0.88ns)   --->   "%icmp_ln100_1 = icmp ult i17 %zext_ln101, %add_ln100" [top.cpp:100->top.cpp:8]   --->   Operation 58 'icmp' 'icmp_ln100_1' <Predicate = (!icmp_ln93)> <Delay = 0.88> <Core = "Cmp">   --->   Core 25 'Cmp' <Latency = 0> <II = 1> <Delay = 0.88> <FuncUnit> <Opcode : 'icmp'> <InPorts = 2> <OutPorts = 1>
ST_2 : Operation 59 [1/1] (0.00ns) (grouped into LUT with out node xor_ln100)   --->   "%xor_ln100_1 = xor i1 %icmp_ln100_1, true" [top.cpp:100->top.cpp:8]   --->   Operation 59 'xor' 'xor_ln100_1' <Predicate = (!icmp_ln93)> <Delay = 0.00> <Core = "LogicGate">   --->   Core 27 'LogicGate' <Latency = 0> <II = 1> <Delay = 0.33> <FuncUnit> <Opcode : 'and' 'or' 'xor'> <InPorts = 2> <OutPorts = 1>
ST_2 : Operation 60 [1/1] (0.00ns) (grouped into LUT with out node xor_ln100)   --->   "%or_ln100 = or i1 %xor_ln100_1, %icmp_ln99" [top.cpp:100->top.cpp:8]   --->   Operation 60 'or' 'or_ln100' <Predicate = (!icmp_ln93)> <Delay = 0.00> <Core = "LogicGate">   --->   Core 27 'LogicGate' <Latency = 0> <II = 1> <Delay = 0.33> <FuncUnit> <Opcode : 'and' 'or' 'xor'> <InPorts = 2> <OutPorts = 1>
ST_2 : Operation 61 [1/1] (0.00ns) (grouped into LUT with out node xor_ln100)   --->   "%or_ln100_1 = or i1 %or_ln100, %icmp_ln100" [top.cpp:100->top.cpp:8]   --->   Operation 61 'or' 'or_ln100_1' <Predicate = (!icmp_ln93)> <Delay = 0.00> <Core = "LogicGate">   --->   Core 27 'LogicGate' <Latency = 0> <II = 1> <Delay = 0.33> <FuncUnit> <Opcode : 'and' 'or' 'xor'> <InPorts = 2> <OutPorts = 1>
ST_2 : Operation 62 [1/1] (0.33ns) (out node of the LUT)   --->   "%xor_ln100 = xor i1 %or_ln100_1, true" [top.cpp:100->top.cpp:8]   --->   Operation 62 'xor' 'xor_ln100' <Predicate = (!icmp_ln93)> <Delay = 0.33> <Core = "LogicGate">   --->   Core 27 'LogicGate' <Latency = 0> <II = 1> <Delay = 0.33> <FuncUnit> <Opcode : 'and' 'or' 'xor'> <InPorts = 2> <OutPorts = 1>
ST_2 : Operation 63 [1/1] (0.00ns)   --->   "ret void" [top.cpp:8]   --->   Operation 63 'ret' <Predicate = (icmp_ln93)> <Delay = 0.00>

State 3 <SV = 2> <Delay = 1.35>
ST_3 : Operation 64 [1/1] (0.00ns)   --->   "call void (...)* @_ssdm_op_SpecLoopName([5 x i8]* @p_str5) nounwind" [top.cpp:93->top.cpp:8]   --->   Operation 64 'specloopname' <Predicate = true> <Delay = 0.00>
ST_3 : Operation 65 [1/1] (0.00ns)   --->   "%tmp_61_i = call i32 (...)* @_ssdm_op_SpecRegionBegin([5 x i8]* @p_str5)" [top.cpp:93->top.cpp:8]   --->   Operation 65 'specregionbegin' 'tmp_61_i' <Predicate = true> <Delay = 0.00>
ST_3 : Operation 66 [1/2] (1.35ns)   --->   "%p_Val2_s = load i16* %letter_addr, align 2" [top.cpp:102->top.cpp:8]   --->   Operation 66 'load' 'p_Val2_s' <Predicate = true> <Delay = 1.35> <Core = "ROM_nP">   --->   Core 52 'ROM_nP' <Latency = 1> <II = 1> <Delay = 1.35> <Storage> <Opcode : 'load'> <Ports = 0> <Width = 16> <Depth = 864> <ROM>
ST_3 : Operation 67 [1/1] (0.75ns)   --->   "br label %1" [top.cpp:95->top.cpp:8]   --->   Operation 67 'br' <Predicate = true> <Delay = 0.75>

State 4 <SV = 3> <Delay = 2.31>
ST_4 : Operation 68 [1/1] (0.00ns)   --->   "%j_0_i = phi i11 [ 0, %ROWS_begin ], [ %j, %COLS_begin ]"   --->   Operation 68 'phi' 'j_0_i' <Predicate = true> <Delay = 0.00>
ST_4 : Operation 69 [1/1] (0.00ns)   --->   "%zext_ln95 = zext i11 %j_0_i to i16" [top.cpp:95->top.cpp:8]   --->   Operation 69 'zext' 'zext_ln95' <Predicate = true> <Delay = 0.00>
ST_4 : Operation 70 [1/1] (0.85ns)   --->   "%icmp_ln95 = icmp eq i11 %j_0_i, -768" [top.cpp:95->top.cpp:8]   --->   Operation 70 'icmp' 'icmp_ln95' <Predicate = true> <Delay = 0.85> <Core = "Cmp">   --->   Core 25 'Cmp' <Latency = 0> <II = 1> <Delay = 0.88> <FuncUnit> <Opcode : 'icmp'> <InPorts = 2> <OutPorts = 1>
ST_4 : Operation 71 [1/1] (0.00ns)   --->   "call void (...)* @_ssdm_op_SpecLoopTripCount(i64 1280, i64 1280, i64 1280)"   --->   Operation 71 'speclooptripcount' <Predicate = true> <Delay = 0.00>
ST_4 : Operation 72 [1/1] (0.94ns)   --->   "%j = add i11 %j_0_i, 1" [top.cpp:95->top.cpp:8]   --->   Operation 72 'add' 'j' <Predicate = true> <Delay = 0.94> <Core = "AddSub">   --->   Core 14 'AddSub' <Latency = 0> <II = 1> <Delay = 0.94> <FuncUnit> <Opcode : 'add' 'sub'> <InPorts = 2> <OutPorts = 1>
ST_4 : Operation 73 [1/1] (0.00ns)   --->   "br i1 %icmp_ln95, label %ROWS_end, label %COLS_begin" [top.cpp:95->top.cpp:8]   --->   Operation 73 'br' <Predicate = true> <Delay = 0.00>
ST_4 : Operation 74 [1/1] (0.86ns)   --->   "%icmp_ln103 = icmp ult i16 %zext_ln95, %x_read" [top.cpp:103->top.cpp:8]   --->   Operation 74 'icmp' 'icmp_ln103' <Predicate = (!icmp_ln95)> <Delay = 0.86> <Core = "Cmp">   --->   Core 25 'Cmp' <Latency = 0> <II = 1> <Delay = 0.88> <FuncUnit> <Opcode : 'icmp'> <InPorts = 2> <OutPorts = 1>
ST_4 : Operation 75 [1/1] (0.00ns) (grouped into LUT with out node and_ln103_1)   --->   "%xor_ln103 = xor i1 %icmp_ln103, true" [top.cpp:103->top.cpp:8]   --->   Operation 75 'xor' 'xor_ln103' <Predicate = (!icmp_ln95)> <Delay = 0.00> <Core = "LogicGate">   --->   Core 27 'LogicGate' <Latency = 0> <II = 1> <Delay = 0.33> <FuncUnit> <Opcode : 'and' 'or' 'xor'> <InPorts = 2> <OutPorts = 1>
ST_4 : Operation 76 [1/1] (0.00ns)   --->   "%zext_ln103_1 = zext i11 %j_0_i to i17" [top.cpp:103->top.cpp:8]   --->   Operation 76 'zext' 'zext_ln103_1' <Predicate = (!icmp_ln95)> <Delay = 0.00>
ST_4 : Operation 77 [1/1] (0.88ns)   --->   "%icmp_ln103_1 = icmp ult i17 %zext_ln103_1, %add_ln103" [top.cpp:103->top.cpp:8]   --->   Operation 77 'icmp' 'icmp_ln103_1' <Predicate = (!icmp_ln95)> <Delay = 0.88> <Core = "Cmp">   --->   Core 25 'Cmp' <Latency = 0> <II = 1> <Delay = 0.88> <FuncUnit> <Opcode : 'icmp'> <InPorts = 2> <OutPorts = 1>
ST_4 : Operation 78 [1/1] (1.01ns)   --->   "%sub_ln104 = sub i16 %zext_ln95, %x_read" [top.cpp:104->top.cpp:8]   --->   Operation 78 'sub' 'sub_ln104' <Predicate = (!icmp_ln95)> <Delay = 1.01> <Core = "AddSub">   --->   Core 14 'AddSub' <Latency = 0> <II = 1> <Delay = 0.94> <FuncUnit> <Opcode : 'add' 'sub'> <InPorts = 2> <OutPorts = 1>
ST_4 : Operation 79 [1/1] (0.00ns) (grouped into LUT with out node p_Result_s)   --->   "%trunc_ln = call i15 @_ssdm_op_PartSelect.i15.i16.i32.i32(i16 %sub_ln104, i32 1, i32 15)" [top.cpp:104->top.cpp:8]   --->   Operation 79 'partselect' 'trunc_ln' <Predicate = (!icmp_ln95)> <Delay = 0.00>
ST_4 : Operation 80 [1/1] (0.00ns) (grouped into LUT with out node p_Result_s)   --->   "%xos = sext i15 %trunc_ln to i16" [top.cpp:104->top.cpp:8]   --->   Operation 80 'sext' 'xos' <Predicate = (!icmp_ln95)> <Delay = 0.00>
ST_4 : Operation 81 [1/1] (0.00ns) (grouped into LUT with out node p_Result_s)   --->   "%shl_ln791 = shl i16 1, %xos" [top.cpp:105->top.cpp:8]   --->   Operation 81 'shl' 'shl_ln791' <Predicate = (!icmp_ln95)> <Delay = 0.00> <Core = "Shift">   --->   Core 28 'Shift' <Latency = 0> <II = 1> <Delay = 1.30> <FuncUnit> <Opcode : 'shl' 'lshr' 'ashr'> <InPorts = 2> <OutPorts = 1>
ST_4 : Operation 82 [1/1] (0.00ns) (grouped into LUT with out node p_Result_s)   --->   "%and_ln791 = and i16 %p_Val2_s, %shl_ln791" [top.cpp:105->top.cpp:8]   --->   Operation 82 'and' 'and_ln791' <Predicate = (!icmp_ln95)> <Delay = 0.00> <Core = "LogicGate">   --->   Core 27 'LogicGate' <Latency = 0> <II = 1> <Delay = 0.33> <FuncUnit> <Opcode : 'and' 'or' 'xor'> <InPorts = 2> <OutPorts = 1>
ST_4 : Operation 83 [1/1] (1.30ns) (out node of the LUT)   --->   "%p_Result_s = icmp eq i16 %and_ln791, 0" [top.cpp:105->top.cpp:8]   --->   Operation 83 'icmp' 'p_Result_s' <Predicate = (!icmp_ln95)> <Delay = 1.30> <Core = "Cmp">   --->   Core 25 'Cmp' <Latency = 0> <II = 1> <Delay = 0.88> <FuncUnit> <Opcode : 'icmp'> <InPorts = 2> <OutPorts = 1>
ST_4 : Operation 84 [1/1] (0.00ns) (grouped into LUT with out node and_ln103_1)   --->   "%and_ln103 = and i1 %icmp_ln103_1, %xor_ln100" [top.cpp:103->top.cpp:8]   --->   Operation 84 'and' 'and_ln103' <Predicate = (!icmp_ln95)> <Delay = 0.00> <Core = "LogicGate">   --->   Core 27 'LogicGate' <Latency = 0> <II = 1> <Delay = 0.33> <FuncUnit> <Opcode : 'and' 'or' 'xor'> <InPorts = 2> <OutPorts = 1>
ST_4 : Operation 85 [1/1] (0.33ns) (out node of the LUT)   --->   "%and_ln103_1 = and i1 %and_ln103, %xor_ln103" [top.cpp:103->top.cpp:8]   --->   Operation 85 'and' 'and_ln103_1' <Predicate = (!icmp_ln95)> <Delay = 0.33> <Core = "LogicGate">   --->   Core 27 'LogicGate' <Latency = 0> <II = 1> <Delay = 0.33> <FuncUnit> <Opcode : 'and' 'or' 'xor'> <InPorts = 2> <OutPorts = 1>

State 5 <SV = 4> <Delay = 2.19>
ST_5 : Operation 86 [1/1] (0.00ns)   --->   "%tmp_63_i = call i32 (...)* @_ssdm_op_SpecRegionBegin([12 x i8]* @p_str9)" [D:/Programs/Xilinx/Vivado/2019.2/common/technology/autopilot/hls/hls_video_core.h:672->D:/Programs/Xilinx/Vivado/2019.2/common/technology/autopilot/hls/hls_video_core.h:711->top.cpp:98->top.cpp:8]   --->   Operation 86 'specregionbegin' 'tmp_63_i' <Predicate = (!icmp_ln95)> <Delay = 0.00>
ST_5 : Operation 87 [1/1] (0.00ns)   --->   "call void (...)* @_ssdm_op_SpecProtocol(i32 0, [1 x i8]* @p_str2) nounwind" [D:/Programs/Xilinx/Vivado/2019.2/common/technology/autopilot/hls/hls_video_core.h:676->D:/Programs/Xilinx/Vivado/2019.2/common/technology/autopilot/hls/hls_video_core.h:711->top.cpp:98->top.cpp:8]   --->   Operation 87 'specprotocol' <Predicate = (!icmp_ln95)> <Delay = 0.00>
ST_5 : Operation 88 [1/1] (1.75ns)   --->   "%tmp_51 = call i8 @_ssdm_op_Read.ap_fifo.volatile.i8P(i8* %src_data_stream_0_V)" [D:/Programs/Xilinx/Vivado/2019.2/common/technology/autopilot/hls/hls_video_core.h:679->D:/Programs/Xilinx/Vivado/2019.2/common/technology/autopilot/hls/hls_video_core.h:711->top.cpp:98->top.cpp:8]   --->   Operation 88 'read' 'tmp_51' <Predicate = (!icmp_ln95)> <Delay = 1.75> <Core = "FIFO">   --->   Core 32 'FIFO' <Latency = 0> <II = 1> <Delay = 2.16> <Storage> <Opcode : 'read' 'write' 'nbread' 'nbwrite'> <Ports = 0> <Width = 8> <Depth = 2> <FIFO>
ST_5 : Operation 89 [1/1] (1.75ns)   --->   "%tmp_52 = call i8 @_ssdm_op_Read.ap_fifo.volatile.i8P(i8* %src_data_stream_1_V)" [D:/Programs/Xilinx/Vivado/2019.2/common/technology/autopilot/hls/hls_video_core.h:679->D:/Programs/Xilinx/Vivado/2019.2/common/technology/autopilot/hls/hls_video_core.h:711->top.cpp:98->top.cpp:8]   --->   Operation 89 'read' 'tmp_52' <Predicate = (!icmp_ln95)> <Delay = 1.75> <Core = "FIFO">   --->   Core 32 'FIFO' <Latency = 0> <II = 1> <Delay = 2.16> <Storage> <Opcode : 'read' 'write' 'nbread' 'nbwrite'> <Ports = 0> <Width = 8> <Depth = 2> <FIFO>
ST_5 : Operation 90 [1/1] (1.75ns)   --->   "%tmp_53 = call i8 @_ssdm_op_Read.ap_fifo.volatile.i8P(i8* %src_data_stream_2_V)" [D:/Programs/Xilinx/Vivado/2019.2/common/technology/autopilot/hls/hls_video_core.h:679->D:/Programs/Xilinx/Vivado/2019.2/common/technology/autopilot/hls/hls_video_core.h:711->top.cpp:98->top.cpp:8]   --->   Operation 90 'read' 'tmp_53' <Predicate = (!icmp_ln95)> <Delay = 1.75> <Core = "FIFO">   --->   Core 32 'FIFO' <Latency = 0> <II = 1> <Delay = 2.16> <Storage> <Opcode : 'read' 'write' 'nbread' 'nbwrite'> <Ports = 0> <Width = 8> <Depth = 2> <FIFO>
ST_5 : Operation 91 [1/1] (1.75ns)   --->   "%tmp_54 = call i8 @_ssdm_op_Read.ap_fifo.volatile.i8P(i8* %src_data_stream_3_V)" [D:/Programs/Xilinx/Vivado/2019.2/common/technology/autopilot/hls/hls_video_core.h:679->D:/Programs/Xilinx/Vivado/2019.2/common/technology/autopilot/hls/hls_video_core.h:711->top.cpp:98->top.cpp:8]   --->   Operation 91 'read' 'tmp_54' <Predicate = (!icmp_ln95)> <Delay = 1.75> <Core = "FIFO">   --->   Core 32 'FIFO' <Latency = 0> <II = 1> <Delay = 2.16> <Storage> <Opcode : 'read' 'write' 'nbread' 'nbwrite'> <Ports = 0> <Width = 8> <Depth = 2> <FIFO>
ST_5 : Operation 92 [1/1] (0.00ns)   --->   "%empty = call i32 (...)* @_ssdm_op_SpecRegionEnd([12 x i8]* @p_str9, i32 %tmp_63_i)" [D:/Programs/Xilinx/Vivado/2019.2/common/technology/autopilot/hls/hls_video_core.h:681->D:/Programs/Xilinx/Vivado/2019.2/common/technology/autopilot/hls/hls_video_core.h:711->top.cpp:98->top.cpp:8]   --->   Operation 92 'specregionend' 'empty' <Predicate = (!icmp_ln95)> <Delay = 0.00>
ST_5 : Operation 93 [1/1] (0.00ns) (grouped into LUT with out node tmp)   --->   "%select_ln105 = select i1 %p_Result_s, i8 -1, i8 %markpix_val_0" [top.cpp:105->top.cpp:8]   --->   Operation 93 'select' 'select_ln105' <Predicate = (!icmp_ln95 & and_ln103_1)> <Delay = 0.00> <Core = "Sel">   --->   Core 26 'Sel' <Latency = 0> <II = 1> <Delay = 0.44> <FuncUnit> <Opcode : 'select'> <InPorts = 3> <OutPorts = 1>
ST_5 : Operation 94 [1/1] (0.00ns) (grouped into LUT with out node tmp_48)   --->   "%select_ln105_1 = select i1 %p_Result_s, i8 -1, i8 %markpix_val_1" [top.cpp:105->top.cpp:8]   --->   Operation 94 'select' 'select_ln105_1' <Predicate = (!icmp_ln95 & and_ln103_1)> <Delay = 0.00> <Core = "Sel">   --->   Core 26 'Sel' <Latency = 0> <II = 1> <Delay = 0.44> <FuncUnit> <Opcode : 'select'> <InPorts = 3> <OutPorts = 1>
ST_5 : Operation 95 [1/1] (0.00ns) (grouped into LUT with out node tmp_49)   --->   "%select_ln105_2 = select i1 %p_Result_s, i8 -1, i8 %markpix_val_2" [top.cpp:105->top.cpp:8]   --->   Operation 95 'select' 'select_ln105_2' <Predicate = (!icmp_ln95 & and_ln103_1)> <Delay = 0.00> <Core = "Sel">   --->   Core 26 'Sel' <Latency = 0> <II = 1> <Delay = 0.44> <FuncUnit> <Opcode : 'select'> <InPorts = 3> <OutPorts = 1>
ST_5 : Operation 96 [1/1] (0.44ns) (out node of the LUT)   --->   "%tmp = select i1 %and_ln103_1, i8 %select_ln105, i8 %tmp_51" [top.cpp:103->top.cpp:8]   --->   Operation 96 'select' 'tmp' <Predicate = (!icmp_ln95)> <Delay = 0.44> <Core = "Sel">   --->   Core 26 'Sel' <Latency = 0> <II = 1> <Delay = 0.44> <FuncUnit> <Opcode : 'select'> <InPorts = 3> <OutPorts = 1>
ST_5 : Operation 97 [1/1] (0.44ns) (out node of the LUT)   --->   "%tmp_48 = select i1 %and_ln103_1, i8 %select_ln105_1, i8 %tmp_52" [top.cpp:103->top.cpp:8]   --->   Operation 97 'select' 'tmp_48' <Predicate = (!icmp_ln95)> <Delay = 0.44> <Core = "Sel">   --->   Core 26 'Sel' <Latency = 0> <II = 1> <Delay = 0.44> <FuncUnit> <Opcode : 'select'> <InPorts = 3> <OutPorts = 1>
ST_5 : Operation 98 [1/1] (0.44ns) (out node of the LUT)   --->   "%tmp_49 = select i1 %and_ln103_1, i8 %select_ln105_2, i8 %tmp_53" [top.cpp:103->top.cpp:8]   --->   Operation 98 'select' 'tmp_49' <Predicate = (!icmp_ln95)> <Delay = 0.44> <Core = "Sel">   --->   Core 26 'Sel' <Latency = 0> <II = 1> <Delay = 0.44> <FuncUnit> <Opcode : 'select'> <InPorts = 3> <OutPorts = 1>
ST_5 : Operation 99 [1/1] (0.44ns)   --->   "%tmp_50 = select i1 %and_ln103_1, i8 0, i8 %tmp_54" [top.cpp:103->top.cpp:8]   --->   Operation 99 'select' 'tmp_50' <Predicate = (!icmp_ln95)> <Delay = 0.44> <Core = "Sel">   --->   Core 26 'Sel' <Latency = 0> <II = 1> <Delay = 0.44> <FuncUnit> <Opcode : 'select'> <InPorts = 3> <OutPorts = 1>

State 6 <SV = 5> <Delay = 1.75>
ST_6 : Operation 100 [1/1] (0.00ns)   --->   "call void (...)* @_ssdm_op_SpecLoopName([5 x i8]* @p_str6) nounwind" [top.cpp:95->top.cpp:8]   --->   Operation 100 'specloopname' <Predicate = (!icmp_ln95)> <Delay = 0.00>
ST_6 : Operation 101 [1/1] (0.00ns)   --->   "%tmp_62_i = call i32 (...)* @_ssdm_op_SpecRegionBegin([5 x i8]* @p_str6)" [top.cpp:95->top.cpp:8]   --->   Operation 101 'specregionbegin' 'tmp_62_i' <Predicate = (!icmp_ln95)> <Delay = 0.00>
ST_6 : Operation 102 [1/1] (0.00ns)   --->   "call void (...)* @_ssdm_op_SpecPipeline(i32 1, i32 1, i32 1, i32 0, [1 x i8]* @p_str2) nounwind" [top.cpp:97->top.cpp:8]   --->   Operation 102 'specpipeline' <Predicate = (!icmp_ln95)> <Delay = 0.00>
ST_6 : Operation 103 [1/1] (0.00ns)   --->   "%tmp_64_i = call i32 (...)* @_ssdm_op_SpecRegionBegin([12 x i8]* @p_str7)" [D:/Programs/Xilinx/Vivado/2019.2/common/technology/autopilot/hls/hls_video_core.h:696->D:/Programs/Xilinx/Vivado/2019.2/common/technology/autopilot/hls/hls_video_core.h:717->top.cpp:110->top.cpp:8]   --->   Operation 103 'specregionbegin' 'tmp_64_i' <Predicate = (!icmp_ln95)> <Delay = 0.00>
ST_6 : Operation 104 [1/1] (0.00ns)   --->   "call void (...)* @_ssdm_op_SpecProtocol(i32 0, [1 x i8]* @p_str2) nounwind" [D:/Programs/Xilinx/Vivado/2019.2/common/technology/autopilot/hls/hls_video_core.h:700->D:/Programs/Xilinx/Vivado/2019.2/common/technology/autopilot/hls/hls_video_core.h:717->top.cpp:110->top.cpp:8]   --->   Operation 104 'specprotocol' <Predicate = (!icmp_ln95)> <Delay = 0.00>
ST_6 : Operation 105 [1/1] (1.75ns)   --->   "call void @_ssdm_op_Write.ap_fifo.volatile.i8P(i8* %dst_data_stream_0_V, i8 %tmp)" [D:/Programs/Xilinx/Vivado/2019.2/common/technology/autopilot/hls/hls_video_core.h:703->D:/Programs/Xilinx/Vivado/2019.2/common/technology/autopilot/hls/hls_video_core.h:717->top.cpp:110->top.cpp:8]   --->   Operation 105 'write' <Predicate = (!icmp_ln95)> <Delay = 1.75> <Core = "FIFO">   --->   Core 32 'FIFO' <Latency = 0> <II = 1> <Delay = 2.16> <Storage> <Opcode : 'read' 'write' 'nbread' 'nbwrite'> <Ports = 0> <Width = 8> <Depth = 2> <FIFO>
ST_6 : Operation 106 [1/1] (1.75ns)   --->   "call void @_ssdm_op_Write.ap_fifo.volatile.i8P(i8* %dst_data_stream_1_V, i8 %tmp_48)" [D:/Programs/Xilinx/Vivado/2019.2/common/technology/autopilot/hls/hls_video_core.h:703->D:/Programs/Xilinx/Vivado/2019.2/common/technology/autopilot/hls/hls_video_core.h:717->top.cpp:110->top.cpp:8]   --->   Operation 106 'write' <Predicate = (!icmp_ln95)> <Delay = 1.75> <Core = "FIFO">   --->   Core 32 'FIFO' <Latency = 0> <II = 1> <Delay = 2.16> <Storage> <Opcode : 'read' 'write' 'nbread' 'nbwrite'> <Ports = 0> <Width = 8> <Depth = 2> <FIFO>
ST_6 : Operation 107 [1/1] (1.75ns)   --->   "call void @_ssdm_op_Write.ap_fifo.volatile.i8P(i8* %dst_data_stream_2_V, i8 %tmp_49)" [D:/Programs/Xilinx/Vivado/2019.2/common/technology/autopilot/hls/hls_video_core.h:703->D:/Programs/Xilinx/Vivado/2019.2/common/technology/autopilot/hls/hls_video_core.h:717->top.cpp:110->top.cpp:8]   --->   Operation 107 'write' <Predicate = (!icmp_ln95)> <Delay = 1.75> <Core = "FIFO">   --->   Core 32 'FIFO' <Latency = 0> <II = 1> <Delay = 2.16> <Storage> <Opcode : 'read' 'write' 'nbread' 'nbwrite'> <Ports = 0> <Width = 8> <Depth = 2> <FIFO>
ST_6 : Operation 108 [1/1] (1.75ns)   --->   "call void @_ssdm_op_Write.ap_fifo.volatile.i8P(i8* %dst_data_stream_3_V, i8 %tmp_50)" [D:/Programs/Xilinx/Vivado/2019.2/common/technology/autopilot/hls/hls_video_core.h:703->D:/Programs/Xilinx/Vivado/2019.2/common/technology/autopilot/hls/hls_video_core.h:717->top.cpp:110->top.cpp:8]   --->   Operation 108 'write' <Predicate = (!icmp_ln95)> <Delay = 1.75> <Core = "FIFO">   --->   Core 32 'FIFO' <Latency = 0> <II = 1> <Delay = 2.16> <Storage> <Opcode : 'read' 'write' 'nbread' 'nbwrite'> <Ports = 0> <Width = 8> <Depth = 2> <FIFO>
ST_6 : Operation 109 [1/1] (0.00ns)   --->   "%empty_142 = call i32 (...)* @_ssdm_op_SpecRegionEnd([12 x i8]* @p_str7, i32 %tmp_64_i)" [D:/Programs/Xilinx/Vivado/2019.2/common/technology/autopilot/hls/hls_video_core.h:705->D:/Programs/Xilinx/Vivado/2019.2/common/technology/autopilot/hls/hls_video_core.h:717->top.cpp:110->top.cpp:8]   --->   Operation 109 'specregionend' 'empty_142' <Predicate = (!icmp_ln95)> <Delay = 0.00>
ST_6 : Operation 110 [1/1] (0.00ns)   --->   "%empty_143 = call i32 (...)* @_ssdm_op_SpecRegionEnd([5 x i8]* @p_str6, i32 %tmp_62_i)" [top.cpp:111->top.cpp:8]   --->   Operation 110 'specregionend' 'empty_143' <Predicate = (!icmp_ln95)> <Delay = 0.00>
ST_6 : Operation 111 [1/1] (0.00ns)   --->   "br label %1" [top.cpp:95->top.cpp:8]   --->   Operation 111 'br' <Predicate = (!icmp_ln95)> <Delay = 0.00>

State 7 <SV = 4> <Delay = 0.00>
ST_7 : Operation 112 [1/1] (0.00ns)   --->   "%empty_144 = call i32 (...)* @_ssdm_op_SpecRegionEnd([5 x i8]* @p_str5, i32 %tmp_61_i)" [top.cpp:112->top.cpp:8]   --->   Operation 112 'specregionend' 'empty_144' <Predicate = true> <Delay = 0.00>
ST_7 : Operation 113 [1/1] (0.00ns)   --->   "br label %0" [top.cpp:93->top.cpp:8]   --->   Operation 113 'br' <Predicate = true> <Delay = 0.00>


============================================================
+ Verbose Summary: Timing violations
============================================================
Target clock period: 4ns, clock uncertainty: 0.5ns.

 <State 1>: 3.5ns
The critical path consists of the following:
	fifo read on port 'y' (top.cpp:86) [36]  (1.75 ns)
	fifo write on port 'y_out' (top.cpp:8) [42]  (1.75 ns)

 <State 2>: 3.32ns
The critical path consists of the following:
	'phi' operation ('i') with incoming values : ('i', top.cpp:93->top.cpp:8) [58]  (0 ns)
	'sub' operation ('sub_ln101', top.cpp:101->top.cpp:8) [69]  (1.02 ns)
	'add' operation ('add_ln102', top.cpp:102->top.cpp:8) [71]  (0.948 ns)
	'getelementptr' operation ('letter_addr', top.cpp:102->top.cpp:8) [73]  (0 ns)
	'load' operation ('val', top.cpp:102->top.cpp:8) on array 'letter' [74]  (1.35 ns)

 <State 3>: 1.35ns
The critical path consists of the following:
	'load' operation ('val', top.cpp:102->top.cpp:8) on array 'letter' [74]  (1.35 ns)

 <State 4>: 2.32ns
The critical path consists of the following:
	'phi' operation ('j') with incoming values : ('j', top.cpp:95->top.cpp:8) [82]  (0 ns)
	'sub' operation ('sub_ln104', top.cpp:104->top.cpp:8) [103]  (1.02 ns)
	'shl' operation ('shl_ln791', top.cpp:105->top.cpp:8) [106]  (0 ns)
	'and' operation ('and_ln791', top.cpp:105->top.cpp:8) [107]  (0 ns)
	'icmp' operation ('__Result__', top.cpp:105->top.cpp:8) [108]  (1.3 ns)

 <State 5>: 2.19ns
The critical path consists of the following:
	fifo read on port 'src_data_stream_0_V' (D:/Programs/Xilinx/Vivado/2019.2/common/technology/autopilot/hls/hls_video_core.h:679->D:/Programs/Xilinx/Vivado/2019.2/common/technology/autopilot/hls/hls_video_core.h:711->top.cpp:98->top.cpp:8) [94]  (1.75 ns)
	'select' operation ('tmp', top.cpp:103->top.cpp:8) [114]  (0.445 ns)

 <State 6>: 1.75ns
The critical path consists of the following:
	fifo write on port 'dst_data_stream_0_V' (D:/Programs/Xilinx/Vivado/2019.2/common/technology/autopilot/hls/hls_video_core.h:703->D:/Programs/Xilinx/Vivado/2019.2/common/technology/autopilot/hls/hls_video_core.h:717->top.cpp:110->top.cpp:8) [120]  (1.75 ns)

 <State 7>: 0ns
The critical path consists of the following:


============================================================
+ Verbose Summary: Binding
============================================================
N/A
* FSMD analyzer results:
  - Output states:
 - Input state : 
  - Chain level:
	State 1
	State 2
	State 3
	State 4
	State 5
	State 6
	State 7


============================================================
+ Verbose Summary: Datapath Resource usage 
============================================================
N/A
