Copyright 1986-2021 Xilinx, Inc. All Rights Reserved.
------------------------------------------------------------------------------------
| Tool Version : Vivado v.2021.1 (win64) Build 3247384 Thu Jun 10 19:36:33 MDT 2021
| Date         : Wed May  4 12:39:48 2022
| Host         : GALLAS running 64-bit major release  (build 9200)
| Command      : upgrade_project -migrate_output_products
| Project_Path : E:/fpga_accelerator_yolov3tiny/vivado_prj/base.xpr
------------------------------------------------------------------------------------

Project Status Summary

1. Project IP Status
--------------------
This project contains 0 IP and 1 Block Designs.


1.1 Project IP Instances
+-------------------------------+-------------------------+-------------------------------------+-------------------------------------+
| Instance Name                 | Status                  | Reason                              | Recommendation                      |
+-------------------------------+-------------------------+-------------------------------------+-------------------------------------+
| cam_axis_subset_converter_0_0 | Will be Migrated.       |                                     |                                     |
+-------------------------------+-------------------------+-------------------------------------+-------------------------------------+
| cam_hls_rect_1_0              | Will be Migrated.       |                                     |                                     |
+-------------------------------+-------------------------+-------------------------------------+-------------------------------------+
| cam_Accel_Conv_0_0            | Will be Migrated.       |                                     |                                     |
+-------------------------------+-------------------------+-------------------------------------+-------------------------------------+
| cam_axi_smc_1_0               | Will be Migrated.       |                                     |                                     |
+-------------------------------+-------------------------+-------------------------------------+-------------------------------------+
| cam_hls_preprocess_0_0        | Will be Migrated.       |                                     |                                     |
+-------------------------------+-------------------------+-------------------------------------+-------------------------------------+
| cam_hls_rect_0_0              | Will be Migrated.       |                                     |                                     |
+-------------------------------+-------------------------+-------------------------------------+-------------------------------------+
| cam_xlconstant_0_0            | Will be Migrated.       |                                     |                                     |
+-------------------------------+-------------------------+-------------------------------------+-------------------------------------+
| cam_v_tc_0_0                  | Will be Migrated.       |                                     |                                     |
+-------------------------------+-------------------------+-------------------------------------+-------------------------------------+
| cam_v_demosaic_0_0            | Will be Migrated.       |                                     |                                     |
+-------------------------------+-------------------------+-------------------------------------+-------------------------------------+
| cam_smartconnect_0_0          | Will be Migrated.       |                                     |                                     |
+-------------------------------+-------------------------+-------------------------------------+-------------------------------------+
| cam_rst_ps8_0_250M_0          | Will be Migrated.       |                                     |                                     |
+-------------------------------+-------------------------+-------------------------------------+-------------------------------------+
| cam_mipi_csi2_rx_subsyst_0_0  | Will be Migrated.       |                                     |                                     |
+-------------------------------+-------------------------+-------------------------------------+-------------------------------------+
| cam_xbar_0                    | Will be Migrated.       |                                     |                                     |
+-------------------------------+-------------------------+-------------------------------------+-------------------------------------+
| cam_axi_interconnect_0_0      | Will be Migrated.       |                                     |                                     |
+-------------------------------+-------------------------+-------------------------------------+-------------------------------------+
| cam_axi_vdma_0_0              | Will be Migrated.       |                                     |                                     |
+-------------------------------+-------------------------+-------------------------------------+-------------------------------------+
| cam_axi_vdma_1_0              | Will be Migrated.       |                                     |                                     |
+-------------------------------+-------------------------+-------------------------------------+-------------------------------------+
| cam_axis_broadcaster_0_0      | Will be Migrated.       |                                     |                                     |
+-------------------------------+-------------------------+-------------------------------------+-------------------------------------+
| cam_axis_data_fifo_0_0        | Will be Migrated.       |                                     |                                     |
+-------------------------------+-------------------------+-------------------------------------+-------------------------------------+
| cam_axi_dma_0_0               | Will be Migrated.       |                                     |                                     |
+-------------------------------+-------------------------+-------------------------------------+-------------------------------------+
| cam_axi_smc_0                 | Will be Migrated.       |                                     |                                     |
+-------------------------------+-------------------------+-------------------------------------+-------------------------------------+
| cam_clk_wiz_0_0               | Will be Migrated.       |                                     |                                     |
+-------------------------------+-------------------------+-------------------------------------+-------------------------------------+
| cam_clk_wiz_1_0               | Will be Migrated.       |                                     |                                     |
+-------------------------------+-------------------------+-------------------------------------+-------------------------------------+
| cam_util_vector_logic_0_0     | Will be Migrated.       |                                     |                                     |
+-------------------------------+-------------------------+-------------------------------------+-------------------------------------+
| cam_util_vector_logic_1_0     | Will be Migrated.       |                                     |                                     |
+-------------------------------+-------------------------+-------------------------------------+-------------------------------------+
| cam_v_axi4s_vid_out_0_0       | Will be Migrated.       |                                     |                                     |
+-------------------------------+-------------------------+-------------------------------------+-------------------------------------+
| cam_v_gamma_lut_0_0           | Will be Migrated.       |                                     |                                     |
+-------------------------------+-------------------------+-------------------------------------+-------------------------------------+
| cam_zynq_ultra_ps_e_0_0       | Will be Migrated.       |                                     |                                     |
+-------------------------------+-------------------------+-------------------------------------+-------------------------------------+
| cam_axis_subset_converter_1_0 | Will be Migrated.       |                                     |                                     |
+-------------------------------+-------------------------+-------------------------------------+-------------------------------------+
| cam_axis_subset_converter_2_0 | Will be Migrated.       |                                     |                                     |
+-------------------------------+-------------------------+-------------------------------------+-------------------------------------+
| cam_auto_pc_0                 | Will be Migrated.       |                                     |                                     |
+-------------------------------+-------------------------+-------------------------------------+-------------------------------------+


1.2 Project Block Designs
+-----+-------------------------+-------------------------------------+-------------------------------------+
| Des | Status                  | Reason                              | Recommendation                      |
| Nam |                         |                                     |                                     |
+-----+-------------------------+-------------------------------------+-------------------------------------+
| cam | Will be Migrated.       |                                     |                                     |
+-----+-------------------------+-------------------------------------+-------------------------------------+



