Copyright 1986-2020 Xilinx, Inc. All Rights Reserved.
-----------------------------------------------------------------------------------------------------------------
| Tool Version : Vivado v.2020.1 (win64) Build 2902540 Wed May 27 19:54:49 MDT 2020
| Date         : Fri Aug 20 09:21:50 2021
| Host         : ADAM-GALLAS running 64-bit major release  (build 9200)
| Command      : report_utilization -file cam_wrapper_utilization_synth.rpt -pb cam_wrapper_utilization_synth.pb
| Design       : cam_wrapper
| Device       : xczu3egsfvc784-1
| Design State : Synthesized
-----------------------------------------------------------------------------------------------------------------

Utilization Design Information

Table of Contents
-----------------
1. CLB Logic
1.1 Summary of Registers by Type
2. BLOCKRAM
3. ARITHMETIC
4. I/O
5. CLOCK
6. ADVANCED
7. CONFIGURATION
8. Primitives
9. Black Boxes
10. Instantiated Netlists

1. CLB Logic
------------

+-------------------------+------+-------+-----------+-------+
|        Site Type        | Used | Fixed | Available | Util% |
+-------------------------+------+-------+-----------+-------+
| CLB LUTs*               |    0 |     0 |     70560 |  0.00 |
|   LUT as Logic          |    0 |     0 |     70560 |  0.00 |
|   LUT as Memory         |    0 |     0 |     28800 |  0.00 |
| CLB Registers           |    0 |     0 |    141120 |  0.00 |
|   Register as Flip Flop |    0 |     0 |    141120 |  0.00 |
|   Register as Latch     |    0 |     0 |    141120 |  0.00 |
| CARRY8                  |    0 |     0 |      8820 |  0.00 |
| F7 Muxes                |    0 |     0 |     35280 |  0.00 |
| F8 Muxes                |    0 |     0 |     17640 |  0.00 |
| F9 Muxes                |    0 |     0 |      8820 |  0.00 |
+-------------------------+------+-------+-----------+-------+
* Warning! The Final LUT count, after physical optimizations and full implementation, is typically lower. Run opt_design after synthesis, if not already completed, for a more realistic count.


1.1 Summary of Registers by Type
--------------------------------

+-------+--------------+-------------+--------------+
| Total | Clock Enable | Synchronous | Asynchronous |
+-------+--------------+-------------+--------------+
| 0     |            _ |           - |            - |
| 0     |            _ |           - |          Set |
| 0     |            _ |           - |        Reset |
| 0     |            _ |         Set |            - |
| 0     |            _ |       Reset |            - |
| 0     |          Yes |           - |            - |
| 0     |          Yes |           - |          Set |
| 0     |          Yes |           - |        Reset |
| 0     |          Yes |         Set |            - |
| 0     |          Yes |       Reset |            - |
+-------+--------------+-------------+--------------+


2. BLOCKRAM
-----------

+----------------+------+-------+-----------+-------+
|    Site Type   | Used | Fixed | Available | Util% |
+----------------+------+-------+-----------+-------+
| Block RAM Tile |    0 |     0 |       216 |  0.00 |
|   RAMB36/FIFO* |    0 |     0 |       216 |  0.00 |
|   RAMB18       |    0 |     0 |       432 |  0.00 |
+----------------+------+-------+-----------+-------+
* Note: Each Block RAM Tile only has one FIFO logic available and therefore can accommodate only one FIFO36E2 or one FIFO18E2. However, if a FIFO18E2 occupies a Block RAM Tile, that tile can still accommodate a RAMB18E2


3. ARITHMETIC
-------------

+-----------+------+-------+-----------+-------+
| Site Type | Used | Fixed | Available | Util% |
+-----------+------+-------+-----------+-------+
| DSPs      |    0 |     0 |       360 |  0.00 |
+-----------+------+-------+-----------+-------+


4. I/O
------

+------------+------+-------+-----------+-------+
|  Site Type | Used | Fixed | Available | Util% |
+------------+------+-------+-----------+-------+
| Bonded IOB |    5 |     0 |       252 |  1.98 |
+------------+------+-------+-----------+-------+


5. CLOCK
--------

+----------------------+------+-------+-----------+-------+
|       Site Type      | Used | Fixed | Available | Util% |
+----------------------+------+-------+-----------+-------+
| GLOBAL CLOCK BUFFERs |    0 |     0 |       196 |  0.00 |
|   BUFGCE             |    0 |     0 |        88 |  0.00 |
|   BUFGCE_DIV         |    0 |     0 |        12 |  0.00 |
|   BUFG_PS            |    0 |     0 |        72 |  0.00 |
|   BUFGCTRL*          |    0 |     0 |        24 |  0.00 |
| PLL                  |    0 |     0 |         6 |  0.00 |
| MMCM                 |    0 |     0 |         3 |  0.00 |
+----------------------+------+-------+-----------+-------+
* Note: Each used BUFGCTRL counts as two GLOBAL CLOCK BUFFERs. This table does not include global clocking resources, only buffer cell usage. See the Clock Utilization Report (report_clock_utilization) for detailed accounting of global clocking resource availability.


6. ADVANCED
-----------

+-----------+------+-------+-----------+-------+
| Site Type | Used | Fixed | Available | Util% |
+-----------+------+-------+-----------+-------+
| PS8       |    0 |     0 |         1 |  0.00 |
| SYSMONE4  |    0 |     0 |         1 |  0.00 |
+-----------+------+-------+-----------+-------+


7. CONFIGURATION
----------------

+-------------+------+-------+-----------+-------+
|  Site Type  | Used | Fixed | Available | Util% |
+-------------+------+-------+-----------+-------+
| BSCANE2     |    0 |     0 |         4 |  0.00 |
| DNA_PORTE2  |    0 |     0 |         1 |  0.00 |
| EFUSE_USR   |    0 |     0 |         1 |  0.00 |
| FRAME_ECCE4 |    0 |     0 |         1 |  0.00 |
| ICAPE3      |    0 |     0 |         2 |  0.00 |
| MASTER_JTAG |    0 |     0 |         1 |  0.00 |
| STARTUPE3   |    0 |     0 |         1 |  0.00 |
+-------------+------+-------+-----------+-------+


8. Primitives
-------------

+----------+------+---------------------+
| Ref Name | Used | Functional Category |
+----------+------+---------------------+
| OBUF     |    3 |                 I/O |
| INBUF    |    2 |                 I/O |
| IBUFCTRL |    2 |              Others |
+----------+------+---------------------+


9. Black Boxes
--------------

+-------------------------------+------+
|            Ref Name           | Used |
+-------------------------------+------+
| cam_zynq_ultra_ps_e_0_0       |    1 |
| cam_xbar_0                    |    1 |
| cam_v_tc_0_0                  |    1 |
| cam_v_gamma_lut_0_0           |    1 |
| cam_v_demosaic_0_0            |    1 |
| cam_v_axi4s_vid_out_0_0       |    1 |
| cam_util_vector_logic_1_0     |    1 |
| cam_util_vector_logic_0_0     |    1 |
| cam_smartconnect_0_0          |    1 |
| cam_rst_ps8_0_250M_0          |    1 |
| cam_mipi_csi2_rx_subsyst_0_0  |    1 |
| cam_hls_rect_1_0              |    1 |
| cam_hls_rect_0_0              |    1 |
| cam_hls_preprocess_0_0        |    1 |
| cam_clk_wiz_1_0               |    1 |
| cam_clk_wiz_0_0               |    1 |
| cam_axis_subset_converter_2_0 |    1 |
| cam_axis_subset_converter_1_0 |    1 |
| cam_axis_subset_converter_0_0 |    1 |
| cam_axis_data_fifo_0_0        |    1 |
| cam_axis_broadcaster_0_0      |    1 |
| cam_axi_vdma_1_0              |    1 |
| cam_axi_vdma_0_0              |    1 |
| cam_axi_smc_1_0               |    1 |
| cam_axi_smc_0                 |    1 |
| cam_axi_dma_0_0               |    1 |
| cam_auto_pc_0                 |    1 |
| cam_Accel_Conv_0_0            |    1 |
+-------------------------------+------+


10. Instantiated Netlists
-------------------------

+----------+------+
| Ref Name | Used |
+----------+------+


