

================================================================
== Vivado HLS Report for 'Add_Char6'
================================================================
* Date:           Fri Aug 20 09:07:41 2021

* Version:        2019.2 (Build 2704478 on Wed Nov 06 22:10:23 MST 2019)
* Project:        hls_rect
* Solution:       solution1
* Product family: zynquplus
* Target device:  xczu3eg-sfvc784-1-e


================================================================
== Performance Estimates
================================================================
+ Timing: 
    * Summary: 
    +--------+---------+----------+------------+
    |  Clock |  Target | Estimated| Uncertainty|
    +--------+---------+----------+------------+
    |ap_clk  | 4.00 ns | 3.316 ns |   0.50 ns  |
    +--------+---------+----------+------------+

+ Latency: 
    * Summary: 
    +---------+---------+----------+----------+--------+--------+---------+
    |  Latency (cycles) |  Latency (absolute) |     Interval    | Pipeline|
    |   min   |   max   |    min   |    max   |   min  |   max  |   Type  |
    +---------+---------+----------+----------+--------+--------+---------+
    |   925201|   925201| 3.701 ms | 3.701 ms |  925201|  925201|   none  |
    +---------+---------+----------+----------+--------+--------+---------+

    + Detail: 
        * Instance: 
        N/A

        * Loop: 
        +----------+---------+---------+----------+-----------+-----------+------+----------+
        |          |  Latency (cycles) | Iteration|  Initiation Interval  | Trip |          |
        | Loop Name|   min   |   max   |  Latency |  achieved |   target  | Count| Pipelined|
        +----------+---------+---------+----------+-----------+-----------+------+----------+
        |- ROWS    |   925200|   925200|      1285|          -|          -|   720|    no    |
        | + COLS   |     1281|     1281|         3|          1|          1|  1280|    yes   |
        +----------+---------+---------+----------+-----------+-----------+------+----------+



================================================================
== Utilization Estimates
================================================================
* Summary: 
+-----------------+---------+-------+--------+-------+-----+
|       Name      | BRAM_18K| DSP48E|   FF   |  LUT  | URAM|
+-----------------+---------+-------+--------+-------+-----+
|DSP              |        -|      -|       -|      -|    -|
|Expression       |        -|      -|       0|    397|    -|
|FIFO             |        -|      -|       -|      -|    -|
|Instance         |        -|      -|       -|      -|    -|
|Memory           |        1|      -|       0|      0|    -|
|Multiplexer      |        -|      -|       -|    213|    -|
|Register         |        -|      -|     207|      -|    -|
+-----------------+---------+-------+--------+-------+-----+
|Total            |        1|      0|     207|    610|    0|
+-----------------+---------+-------+--------+-------+-----+
|Available        |      432|    360|  141120|  70560|    0|
+-----------------+---------+-------+--------+-------+-----+
|Utilization (%)  |    ~0   |      0|   ~0   |   ~0  |    0|
+-----------------+---------+-------+--------+-------+-----+

+ Detail: 
    * Instance: 
    N/A

    * DSP48E: 
    N/A

    * Memory: 
    +-------------+------------------+---------+---+----+-----+------+-----+------+-------------+
    |    Memory   |      Module      | BRAM_18K| FF| LUT| URAM| Words| Bits| Banks| W*Bits*Banks|
    +-------------+------------------+---------+---+----+-----+------+-----+------+-------------+
    |letter298_U  |Add_Char1_letter  |        1|  0|   0|    0|   864|   16|     1|        13824|
    +-------------+------------------+---------+---+----+-----+------+-----+------+-------------+
    |Total        |                  |        1|  0|   0|    0|   864|   16|     1|        13824|
    +-------------+------------------+---------+---+----+-----+------+-----+------+-------------+

    * FIFO: 
    N/A

    * Expression: 
    +----------------------------------+----------+-------+---+----+------------+------------+
    |           Variable Name          | Operation| DSP48E| FF| LUT| Bitwidth P0| Bitwidth P1|
    +----------------------------------+----------+-------+---+----+------------+------------+
    |add_ln250_fu_409_p2               |     +    |      0|  0|  24|           7|          17|
    |add_ln252_fu_477_p2               |     +    |      0|  0|  18|          11|          11|
    |add_ln253_fu_431_p2               |     +    |      0|  0|  24|           6|          17|
    |i_fu_447_p2                       |     +    |      0|  0|  17|          10|           1|
    |j_fu_525_p2                       |     +    |      0|  0|  18|          11|           1|
    |sub_ln251_fu_462_p2               |     -    |      0|  0|  24|          17|          17|
    |sub_ln254_fu_551_p2               |     -    |      0|  0|  23|          16|          16|
    |and_ln253_1_fu_592_p2             |    and   |      0|  0|   2|           1|           1|
    |and_ln253_fu_587_p2               |    and   |      0|  0|   2|           1|           1|
    |and_ln791_fu_576_p2               |    and   |      0|  0|  16|          16|          16|
    |icmp_ln243_fu_441_p2              |   icmp   |      0|  0|  13|          10|          10|
    |icmp_ln245_fu_519_p2              |   icmp   |      0|  0|  13|          11|          11|
    |icmp_ln249_fu_399_p2              |   icmp   |      0|  0|  11|           8|           5|
    |icmp_ln250_1_fu_487_p2            |   icmp   |      0|  0|  20|          17|          17|
    |icmp_ln250_fu_453_p2              |   icmp   |      0|  0|  13|          16|          16|
    |icmp_ln253_1_fu_546_p2            |   icmp   |      0|  0|  20|          17|          17|
    |icmp_ln253_fu_531_p2              |   icmp   |      0|  0|  13|          16|          16|
    |p_Result_s_fu_581_p2              |   icmp   |      0|  0|  13|          16|           1|
    |ap_block_pp0_stage0_01001         |    or    |      0|  0|   2|           1|           1|
    |ap_block_state1                   |    or    |      0|  0|   2|           1|           1|
    |ap_block_state5_pp0_stage0_iter1  |    or    |      0|  0|   2|           1|           1|
    |ap_block_state6_pp0_stage0_iter2  |    or    |      0|  0|   2|           1|           1|
    |or_ln250_1_fu_503_p2              |    or    |      0|  0|   2|           1|           1|
    |or_ln250_fu_498_p2                |    or    |      0|  0|   2|           1|           1|
    |select_ln255_1_fu_604_p3          |  select  |      0|  0|   8|           1|           2|
    |select_ln255_2_fu_610_p3          |  select  |      0|  0|   8|           1|           2|
    |select_ln255_fu_598_p3            |  select  |      0|  0|   8|           1|           2|
    |tmp_13_fu_623_p3                  |  select  |      0|  0|   8|           1|           8|
    |tmp_14_fu_630_p3                  |  select  |      0|  0|   8|           1|           8|
    |tmp_15_fu_637_p3                  |  select  |      0|  0|   8|           1|           1|
    |tmp_fu_616_p3                     |  select  |      0|  0|   8|           1|           8|
    |shl_ln791_fu_570_p2               |    shl   |      0|  0|  35|           1|          16|
    |ap_enable_pp0                     |    xor   |      0|  0|   2|           1|           2|
    |ap_enable_reg_pp0_iter1           |    xor   |      0|  0|   2|           2|           1|
    |xor_ln250_1_fu_492_p2             |    xor   |      0|  0|   2|           1|           2|
    |xor_ln250_fu_509_p2               |    xor   |      0|  0|   2|           1|           2|
    |xor_ln253_fu_536_p2               |    xor   |      0|  0|   2|           1|           2|
    +----------------------------------+----------+-------+---+----+------------+------------+
    |Total                             |          |      0|  0| 397|         227|         253|
    +----------------------------------+----------+-------+---+----+------------+------------+

    * Multiplexer: 
    +---------------------------+----+-----------+-----+-----------+
    |            Name           | LUT| Input Size| Bits| Total Bits|
    +---------------------------+----+-----------+-----+-----------+
    |ap_NS_fsm                  |  33|          6|    1|          6|
    |ap_done                    |   9|          2|    1|          2|
    |ap_enable_reg_pp0_iter1    |   9|          2|    1|          2|
    |ap_enable_reg_pp0_iter2    |   9|          2|    1|          2|
    |ch6x_loc_blk_n             |   9|          2|    1|          2|
    |char6_blk_n                |   9|          2|    1|          2|
    |color1_blk_n               |   9|          2|    1|          2|
    |color2_blk_n               |   9|          2|    1|          2|
    |color3_blk_n               |   9|          2|    1|          2|
    |dst_data_stream_0_V_blk_n  |   9|          2|    1|          2|
    |dst_data_stream_1_V_blk_n  |   9|          2|    1|          2|
    |dst_data_stream_2_V_blk_n  |   9|          2|    1|          2|
    |dst_data_stream_3_V_blk_n  |   9|          2|    1|          2|
    |i_0_i_i_reg_377            |   9|          2|   10|         20|
    |j_0_i_i_reg_388            |   9|          2|   11|         22|
    |real_start                 |   9|          2|    1|          2|
    |src_data_stream_0_V_blk_n  |   9|          2|    1|          2|
    |src_data_stream_1_V_blk_n  |   9|          2|    1|          2|
    |src_data_stream_2_V_blk_n  |   9|          2|    1|          2|
    |src_data_stream_3_V_blk_n  |   9|          2|    1|          2|
    |ytop_s_blk_n               |   9|          2|    1|          2|
    +---------------------------+----+-----------+-----+-----------+
    |Total                      | 213|         46|   40|         84|
    +---------------------------+----+-----------+-----+-----------+

    * Register: 
    +----------------------------------+----+----+-----+-----------+
    |               Name               | FF | LUT| Bits| Const Bits|
    +----------------------------------+----+----+-----+-----------+
    |add_ln250_reg_680                 |  17|   0|   17|          0|
    |add_ln253_reg_690                 |  17|   0|   17|          0|
    |and_ln253_1_reg_734               |   1|   0|    1|          0|
    |ap_CS_fsm                         |   5|   0|    5|          0|
    |ap_done_reg                       |   1|   0|    1|          0|
    |ap_enable_reg_pp0_iter0           |   1|   0|    1|          0|
    |ap_enable_reg_pp0_iter1           |   1|   0|    1|          0|
    |ap_enable_reg_pp0_iter2           |   1|   0|    1|          0|
    |ch6x_loc_read_reg_664             |  16|   0|   16|          0|
    |i_0_i_i_reg_377                   |  10|   0|   10|          0|
    |i_reg_698                         |  10|   0|   10|          0|
    |icmp_ln245_reg_718                |   1|   0|    1|          0|
    |icmp_ln245_reg_718_pp0_iter1_reg  |   1|   0|    1|          0|
    |icmp_ln249_reg_670                |   1|   0|    1|          0|
    |j_0_i_i_reg_388                   |  11|   0|   11|          0|
    |markpix_val_0_reg_649             |   8|   0|    8|          0|
    |markpix_val_1_reg_654             |   8|   0|    8|          0|
    |markpix_val_2_reg_659             |   8|   0|    8|          0|
    |p_Result_s_reg_727                |   1|   0|    1|          0|
    |p_Val2_s_reg_713                  |  16|   0|   16|          0|
    |start_once_reg                    |   1|   0|    1|          0|
    |tmp_13_reg_747                    |   8|   0|    8|          0|
    |tmp_14_reg_752                    |   8|   0|    8|          0|
    |tmp_15_reg_757                    |   8|   0|    8|          0|
    |tmp_reg_742                       |   8|   0|    8|          0|
    |xor_ln250_reg_708                 |   1|   0|    1|          0|
    |ytop_read_reg_644                 |  16|   0|   16|          0|
    |zext_ln250_reg_675                |  16|   0|   17|          1|
    |zext_ln252_cast_reg_685           |   6|   0|   11|          5|
    +----------------------------------+----+----+-----+-----------+
    |Total                             | 207|   0|  213|          6|
    +----------------------------------+----+----+-----+-----------+



================================================================
== Interface
================================================================
* Summary: 
+-----------------------------+-----+-----+------------+---------------------+--------------+
|          RTL Ports          | Dir | Bits|  Protocol  |    Source Object    |    C Type    |
+-----------------------------+-----+-----+------------+---------------------+--------------+
|ap_clk                       |  in |    1| ap_ctrl_hs |      Add_Char6      | return value |
|ap_rst                       |  in |    1| ap_ctrl_hs |      Add_Char6      | return value |
|ap_start                     |  in |    1| ap_ctrl_hs |      Add_Char6      | return value |
|start_full_n                 |  in |    1| ap_ctrl_hs |      Add_Char6      | return value |
|ap_done                      | out |    1| ap_ctrl_hs |      Add_Char6      | return value |
|ap_continue                  |  in |    1| ap_ctrl_hs |      Add_Char6      | return value |
|ap_idle                      | out |    1| ap_ctrl_hs |      Add_Char6      | return value |
|ap_ready                     | out |    1| ap_ctrl_hs |      Add_Char6      | return value |
|start_out                    | out |    1| ap_ctrl_hs |      Add_Char6      | return value |
|start_write                  | out |    1| ap_ctrl_hs |      Add_Char6      | return value |
|src_data_stream_0_V_dout     |  in |    8|   ap_fifo  | src_data_stream_0_V |    pointer   |
|src_data_stream_0_V_empty_n  |  in |    1|   ap_fifo  | src_data_stream_0_V |    pointer   |
|src_data_stream_0_V_read     | out |    1|   ap_fifo  | src_data_stream_0_V |    pointer   |
|src_data_stream_1_V_dout     |  in |    8|   ap_fifo  | src_data_stream_1_V |    pointer   |
|src_data_stream_1_V_empty_n  |  in |    1|   ap_fifo  | src_data_stream_1_V |    pointer   |
|src_data_stream_1_V_read     | out |    1|   ap_fifo  | src_data_stream_1_V |    pointer   |
|src_data_stream_2_V_dout     |  in |    8|   ap_fifo  | src_data_stream_2_V |    pointer   |
|src_data_stream_2_V_empty_n  |  in |    1|   ap_fifo  | src_data_stream_2_V |    pointer   |
|src_data_stream_2_V_read     | out |    1|   ap_fifo  | src_data_stream_2_V |    pointer   |
|src_data_stream_3_V_dout     |  in |    8|   ap_fifo  | src_data_stream_3_V |    pointer   |
|src_data_stream_3_V_empty_n  |  in |    1|   ap_fifo  | src_data_stream_3_V |    pointer   |
|src_data_stream_3_V_read     | out |    1|   ap_fifo  | src_data_stream_3_V |    pointer   |
|dst_data_stream_0_V_din      | out |    8|   ap_fifo  | dst_data_stream_0_V |    pointer   |
|dst_data_stream_0_V_full_n   |  in |    1|   ap_fifo  | dst_data_stream_0_V |    pointer   |
|dst_data_stream_0_V_write    | out |    1|   ap_fifo  | dst_data_stream_0_V |    pointer   |
|dst_data_stream_1_V_din      | out |    8|   ap_fifo  | dst_data_stream_1_V |    pointer   |
|dst_data_stream_1_V_full_n   |  in |    1|   ap_fifo  | dst_data_stream_1_V |    pointer   |
|dst_data_stream_1_V_write    | out |    1|   ap_fifo  | dst_data_stream_1_V |    pointer   |
|dst_data_stream_2_V_din      | out |    8|   ap_fifo  | dst_data_stream_2_V |    pointer   |
|dst_data_stream_2_V_full_n   |  in |    1|   ap_fifo  | dst_data_stream_2_V |    pointer   |
|dst_data_stream_2_V_write    | out |    1|   ap_fifo  | dst_data_stream_2_V |    pointer   |
|dst_data_stream_3_V_din      | out |    8|   ap_fifo  | dst_data_stream_3_V |    pointer   |
|dst_data_stream_3_V_full_n   |  in |    1|   ap_fifo  | dst_data_stream_3_V |    pointer   |
|dst_data_stream_3_V_write    | out |    1|   ap_fifo  | dst_data_stream_3_V |    pointer   |
|ch6x_loc_dout                |  in |   16|   ap_fifo  |       ch6x_loc      |    pointer   |
|ch6x_loc_empty_n             |  in |    1|   ap_fifo  |       ch6x_loc      |    pointer   |
|ch6x_loc_read                | out |    1|   ap_fifo  |       ch6x_loc      |    pointer   |
|ytop_s_dout                  |  in |   16|   ap_fifo  |        ytop_s       |    pointer   |
|ytop_s_empty_n               |  in |    1|   ap_fifo  |        ytop_s       |    pointer   |
|ytop_s_read                  | out |    1|   ap_fifo  |        ytop_s       |    pointer   |
|char6_dout                   |  in |    8|   ap_fifo  |        char6        |    pointer   |
|char6_empty_n                |  in |    1|   ap_fifo  |        char6        |    pointer   |
|char6_read                   | out |    1|   ap_fifo  |        char6        |    pointer   |
|color1_dout                  |  in |    8|   ap_fifo  |        color1       |    pointer   |
|color1_empty_n               |  in |    1|   ap_fifo  |        color1       |    pointer   |
|color1_read                  | out |    1|   ap_fifo  |        color1       |    pointer   |
|color2_dout                  |  in |    8|   ap_fifo  |        color2       |    pointer   |
|color2_empty_n               |  in |    1|   ap_fifo  |        color2       |    pointer   |
|color2_read                  | out |    1|   ap_fifo  |        color2       |    pointer   |
|color3_dout                  |  in |    8|   ap_fifo  |        color3       |    pointer   |
|color3_empty_n               |  in |    1|   ap_fifo  |        color3       |    pointer   |
|color3_read                  | out |    1|   ap_fifo  |        color3       |    pointer   |
+-----------------------------+-----+-----+------------+---------------------+--------------+

